#
# There is insufficient memory for the Java Runtime Environment to continue.
# Native memory allocation (mmap) failed to map 147849216 bytes for committing reserved memory.
# Possible reasons:
#   The system is out of physical RAM or swap space
#   In 32 bit mode, the process size limit was hit
# Possible solutions:
#   Reduce memory load on the system
#   Increase physical memory or swap space
#   Check if swap backing store is full
#   Use 64 bit Java on a 64 bit OS
#   Decrease Java heap size (-Xmx/-Xms)
#   Decrease number of Java threads
#   Decrease Java thread stack sizes (-Xss)
#   Set larger code cache with -XX:ReservedCodeCacheSize=
# This output file may be truncated or incomplete.
#
#  Out of Memory Error (os_linux.cpp:2640), pid=22149, tid=0x00007fa4d62be700
#
# JRE version: Java(TM) SE Runtime Environment (8.0_161-b12) (build 1.8.0_161-b12)
# Java VM: Java HotSpot(TM) 64-Bit Server VM (25.161-b12 mixed mode linux-amd64 compressed oops)
# Failed to write core dump. Core dumps have been disabled. To enable core dumping, try "ulimit -c unlimited" before starting Java again
#

---------------  T H R E A D  ---------------

Current thread (0x00007fa4ec07c000):  VMThread [stack: 0x00007fa4d61be000,0x00007fa4d62bf000] [id=22158]

Stack: [0x00007fa4d61be000,0x00007fa4d62bf000],  sp=0x00007fa4d62bcf60,  free space=1019k
Native frames: (J=compiled Java code, j=interpreted, Vv=VM code, C=native code)
V  [libjvm.so+0xacf94a]  VMError::report_and_die()+0x2ba
V  [libjvm.so+0x50050b]  report_vm_out_of_memory(char const*, int, unsigned long, VMErrorType, char const*)+0x8b
V  [libjvm.so+0x92b133]  os::Linux::commit_memory_impl(char*, unsigned long, bool)+0x103
V  [libjvm.so+0x92b5c9]  os::pd_commit_memory(char*, unsigned long, unsigned long, bool)+0x29
V  [libjvm.so+0x924c0a]  os::commit_memory(char*, unsigned long, unsigned long, bool)+0x2a
V  [libjvm.so+0x99ab53]  PSVirtualSpace::expand_by(unsigned long)+0x53
V  [libjvm.so+0x99bf58]  PSYoungGen::resize_generation(unsigned long, unsigned long)+0xf8
V  [libjvm.so+0x99b0b2]  PSYoungGen::resize(unsigned long, unsigned long)+0x22
V  [libjvm.so+0x99838b]  PSScavenge::invoke_no_policy()+0xf3b
V  [libjvm.so+0x998b11]  PSScavenge::invoke()+0x41
V  [libjvm.so+0x94f5a0]  ParallelScavengeHeap::failed_mem_allocate(unsigned long)+0x70
V  [libjvm.so+0xad13c7]  VM_ParallelGCFailedAllocation::doit()+0x97
V  [libjvm.so+0xad8ed5]  VM_Operation::evaluate()+0x55
V  [libjvm.so+0xad729a]  VMThread::evaluate_operation(VM_Operation*)+0xba
V  [libjvm.so+0xad761e]  VMThread::loop()+0x1ce
V  [libjvm.so+0xad7a90]  VMThread::run()+0x70
V  [libjvm.so+0x92da28]  java_start(Thread*)+0x108

VM_Operation (0x00007fa49dde4980): ParallelGCFailedAllocation, mode: safepoint, requested by thread 0x00007fa4a0a89800


---------------  P R O C E S S  ---------------

Java Threads: ( => current thread )
  0x00007fa4ec012000 JavaThread "DestroyJavaVM" [_thread_blocked, id=22151, stack(0x00007fa4f2404000,0x00007fa4f2505000)]
  0x00007fa4a0a91800 JavaThread "Live Reload Server" daemon [_thread_in_native, id=22315, stack(0x00007fa49dae4000,0x00007fa49dbe5000)]
  0x00007fa4a0a89800 JavaThread "File Watcher" daemon [_thread_blocked, id=22312, stack(0x00007fa49dce6000,0x00007fa49dde7000)]
  0x00007fa4a044a800 JavaThread "Tomcat JDBC Pool Cleaner[1704856573:1517383116952]" daemon [_thread_blocked, id=22250, stack(0x00007fa49e9e7000,0x00007fa49eae8000)]
  0x00007fa4a0a27000 JavaThread "Scheduler-1793021332" [_thread_blocked, id=22244, stack(0x00007fa49ece8000,0x00007fa49ede9000)]
  0x00007fa4a09cf800 JavaThread "qtp1980017762-21" [_thread_blocked, id=22241, stack(0x00007fa49ede9000,0x00007fa49eeea000)]
  0x00007fa4a09cd800 JavaThread "qtp1980017762-20" [_thread_blocked, id=22240, stack(0x00007fa49eeea000,0x00007fa49efeb000)]
  0x00007fa4a09cc000 JavaThread "qtp1980017762-19" [_thread_blocked, id=22239, stack(0x00007fa49efeb000,0x00007fa49f0ec000)]
  0x00007fa4a09ca000 JavaThread "qtp1980017762-18" [_thread_blocked, id=22238, stack(0x00007fa49f0ec000,0x00007fa49f1ed000)]
  0x00007fa4a09c8800 JavaThread "qtp1980017762-17" [_thread_blocked, id=22237, stack(0x00007fa49f1ed000,0x00007fa49f2ee000)]
  0x00007fa4a09c7000 JavaThread "qtp1980017762-16" [_thread_blocked, id=22236, stack(0x00007fa49f2ee000,0x00007fa49f3ef000)]
  0x00007fa4a09c6800 JavaThread "qtp1980017762-15-acceptor-0@7c1e36d4-ServerConnector@675b6bd5{HTTP/1.1,[http/1.1]}{0.0.0.0:8080}" [_thread_in_native, id=22235, stack(0x00007fa4d42a5000,0x00007fa4d43a6000)]
  0x00007fa4a09c5800 JavaThread "qtp1980017762-14" [_thread_in_native, id=22234, stack(0x00007fa4d47a6000,0x00007fa4d48a7000)]
  0x00007fa4ec0c2800 JavaThread "Service Thread" daemon [_thread_blocked, id=22164, stack(0x00007fa4d54d6000,0x00007fa4d55d7000)]
  0x00007fa4ec0bf800 JavaThread "C1 CompilerThread1" daemon [_thread_blocked, id=22163, stack(0x00007fa4d55d7000,0x00007fa4d56d8000)]
  0x00007fa4ec0bc800 JavaThread "C2 CompilerThread0" daemon [_thread_blocked, id=22162, stack(0x00007fa4d56d8000,0x00007fa4d57d9000)]
  0x00007fa4ec0bb000 JavaThread "Signal Dispatcher" daemon [_thread_blocked, id=22161, stack(0x00007fa4d57d9000,0x00007fa4d58da000)]
  0x00007fa4ec088800 JavaThread "Finalizer" daemon [_thread_blocked, id=22160, stack(0x00007fa4d5fbc000,0x00007fa4d60bd000)]
  0x00007fa4ec083800 JavaThread "Reference Handler" daemon [_thread_blocked, id=22159, stack(0x00007fa4d60bd000,0x00007fa4d61be000)]

Other Threads:
=>0x00007fa4ec07c000 VMThread [stack: 0x00007fa4d61be000,0x00007fa4d62bf000] [id=22158]
  0x00007fa4ec0c7800 WatcherThread [stack: 0x00007fa4d53d5000,0x00007fa4d54d6000] [id=22165]

VM state:at safepoint (normal execution)

VM Mutex/Monitor currently owned by a thread:  ([mutex/lock_event])
[0x00007fa4ec00e740] Threads_lock - owner thread: 0x00007fa4ec07c000
[0x00007fa4ec00ec40] Heap_lock - owner thread: 0x00007fa4a0a89800

Heap:
 PSYoungGen      total 379392K, used 11641K [0x00000000d6600000, 0x00000000ef580000, 0x0000000100000000)
  eden space 363008K, 0% used [0x00000000d6600000,0x00000000d6600000,0x00000000ec880000)
  from space 16384K, 71% used [0x00000000ec880000,0x00000000ed3de638,0x00000000ed880000)
  to   space 13312K, 0% used [0x00000000ed880000,0x00000000ed880000,0x00000000ee580000)
 ParOldGen       total 69120K, used 31830K [0x0000000083200000, 0x0000000087580000, 0x00000000d6600000)
  object space 69120K, 46% used [0x0000000083200000,0x0000000085115ae0,0x0000000087580000)
 Metaspace       used 46196K, capacity 46752K, committed 46976K, reserved 1089536K
  class space    used 6099K, capacity 6239K, committed 6272K, reserved 1048576K

Card table byte_map: [0x00007fa4dbbd5000,0x00007fa4dbfbd000] byte_map_base: 0x00007fa4db7bc000

Marking Bits: (ParMarkBitMap*) 0x00007fa4f18cf920
 Begin Bits: [0x00007fa4d79ca000, 0x00007fa4d9902000)
 End Bits:   [0x00007fa4d9902000, 0x00007fa4db83a000)

Polling page: 0x00007fa4f251f000

CodeCache: size=245760Kb used=12499Kb max_used=12527Kb free=233260Kb
 bounds [0x00007fa4dc37d000, 0x00007fa4dcfcd000, 0x00007fa4eb37d000]
 total_blobs=4433 nmethods=3944 adapters=402
 compilation: enabled

Compilation events (10 events):
Event: 20.578 Thread 0x00007fa4ec0bc800 4399       4       java.io.File::listFiles (52 bytes)
Event: 20.605 Thread 0x00007fa4ec0bc800 nmethod 4399 0x00007fa4dcf92e50 code [0x00007fa4dcf93020, 0x00007fa4dcf93ae8]
Event: 20.607 Thread 0x00007fa4ec0bc800 4400       4       java.io.File::getName (42 bytes)
Event: 20.660 Thread 0x00007fa4ec0bc800 nmethod 4400 0x00007fa4dcf916d0 code [0x00007fa4dcf91860, 0x00007fa4dcf91d68]
Event: 20.691 Thread 0x00007fa4ec0bc800 4401       4       org.springframework.boot.devtools.filewatch.FolderSnapshot::collectFiles (99 bytes)
Event: 21.101 Thread 0x00007fa4ec0bc800 nmethod 4401 0x00007fa4dcfbb110 code [0x00007fa4dcfbb720, 0x00007fa4dcfc0958]
Event: 22.747 Thread 0x00007fa4ec0bf800 4402 %     3       java.util.AbstractCollection::containsAll @ 7 (38 bytes)
Event: 22.749 Thread 0x00007fa4ec0bf800 nmethod 4402% 0x00007fa4dcf94e50 code [0x00007fa4dcf95000, 0x00007fa4dcf955b8]
Event: 22.751 Thread 0x00007fa4ec0bf800 4403       3       java.util.AbstractCollection::containsAll (38 bytes)
Event: 22.752 Thread 0x00007fa4ec0bf800 nmethod 4403 0x00007fa4dcf94590 code [0x00007fa4dcf94740, 0x00007fa4dcf94c98]

GC Heap History (10 events):
Event: 5.664 GC heap after
Heap after GC invocations=8 (full 1):
 PSYoungGen      total 139776K, used 0K [0x00000000d6600000, 0x00000000e7700000, 0x0000000100000000)
  eden space 130048K, 0% used [0x00000000d6600000,0x00000000d6600000,0x00000000de500000)
  from space 9728K, 0% used [0x00000000de500000,0x00000000de500000,0x00000000dee80000)
  to   space 9728K, 0% used [0x00000000e6d80000,0x00000000e6d80000,0x00000000e7700000)
 ParOldGen       total 46080K, used 6811K [0x0000000083200000, 0x0000000085f00000, 0x00000000d6600000)
  object space 46080K, 14% used [0x0000000083200000,0x00000000838a6f58,0x0000000085f00000)
 Metaspace       used 20940K, capacity 21188K, committed 21296K, reserved 1069056K
  class space    used 2558K, capacity 2639K, committed 2688K, reserved 1048576K
}
Event: 8.527 GC heap before
{Heap before GC invocations=9 (full 1):
 PSYoungGen      total 139776K, used 130048K [0x00000000d6600000, 0x00000000e7700000, 0x0000000100000000)
  eden space 130048K, 100% used [0x00000000d6600000,0x00000000de500000,0x00000000de500000)
  from space 9728K, 0% used [0x00000000de500000,0x00000000de500000,0x00000000dee80000)
  to   space 9728K, 0% used [0x00000000e6d80000,0x00000000e6d80000,0x00000000e7700000)
 ParOldGen       total 46080K, used 6811K [0x0000000083200000, 0x0000000085f00000, 0x00000000d6600000)
  object space 46080K, 14% used [0x0000000083200000,0x00000000838a6f58,0x0000000085f00000)
 Metaspace       used 26362K, capacity 26704K, committed 27008K, reserved 1073152K
  class space    used 3289K, capacity 3394K, committed 3456K, reserved 1048576K
Event: 8.560 GC heap after
Heap after GC invocations=9 (full 1):
 PSYoungGen      total 251904K, used 8482K [0x00000000d6600000, 0x00000000e7600000, 0x0000000100000000)
  eden space 243200K, 0% used [0x00000000d6600000,0x00000000d6600000,0x00000000e5380000)
  from space 8704K, 97% used [0x00000000e6d80000,0x00000000e75c8828,0x00000000e7600000)
  to   space 10240K, 0% used [0x00000000e6200000,0x00000000e6200000,0x00000000e6c00000)
 ParOldGen       total 46080K, used 6819K [0x0000000083200000, 0x0000000085f00000, 0x00000000d6600000)
  object space 46080K, 14% used [0x0000000083200000,0x00000000838a8f58,0x0000000085f00000)
 Metaspace       used 26362K, capacity 26704K, committed 27008K, reserved 1073152K
  class space    used 3289K, capacity 3394K, committed 3456K, reserved 1048576K
}
Event: 11.906 GC heap before
{Heap before GC invocations=10 (full 1):
 PSYoungGen      total 251904K, used 188146K [0x00000000d6600000, 0x00000000e7600000, 0x0000000100000000)
  eden space 243200K, 73% used [0x00000000d6600000,0x00000000e1574170,0x00000000e5380000)
  from space 8704K, 97% used [0x00000000e6d80000,0x00000000e75c8828,0x00000000e7600000)
  to   space 10240K, 0% used [0x00000000e6200000,0x00000000e6200000,0x00000000e6c00000)
 ParOldGen       total 46080K, used 6819K [0x0000000083200000, 0x0000000085f00000, 0x00000000d6600000)
  object space 46080K, 14% used [0x0000000083200000,0x00000000838a8f58,0x0000000085f00000)
 Metaspace       used 34829K, capacity 35214K, committed 35496K, reserved 1081344K
  class space    used 4454K, capacity 4573K, committed 4608K, reserved 1048576K
Event: 11.990 GC heap after
Heap after GC invocations=10 (full 1):
 PSYoungGen      total 268288K, used 10222K [0x00000000d6600000, 0x00000000ee580000, 0x0000000100000000)
  eden space 258048K, 0% used [0x00000000d6600000,0x00000000d6600000,0x00000000e6200000)
  from space 10240K, 99% used [0x00000000e6200000,0x00000000e6bfb918,0x00000000e6c00000)
  to   space 13312K, 0% used [0x00000000ed880000,0x00000000ed880000,0x00000000ee580000)
 ParOldGen       total 46080K, used 11526K [0x0000000083200000, 0x0000000085f00000, 0x00000000d6600000)
  object space 46080K, 25% used [0x0000000083200000,0x0000000083d419b0,0x0000000085f00000)
 Metaspace       used 34829K, capacity 35214K, committed 35496K, reserved 1081344K
  class space    used 4454K, capacity 4573K, committed 4608K, reserved 1048576K
}
Event: 11.990 GC heap before
{Heap before GC invocations=11 (full 2):
 PSYoungGen      total 268288K, used 10222K [0x00000000d6600000, 0x00000000ee580000, 0x0000000100000000)
  eden space 258048K, 0% used [0x00000000d6600000,0x00000000d6600000,0x00000000e6200000)
  from space 10240K, 99% used [0x00000000e6200000,0x00000000e6bfb918,0x00000000e6c00000)
  to   space 13312K, 0% used [0x00000000ed880000,0x00000000ed880000,0x00000000ee580000)
 ParOldGen       total 46080K, used 11526K [0x0000000083200000, 0x0000000085f00000, 0x00000000d6600000)
  object space 46080K, 25% used [0x0000000083200000,0x0000000083d419b0,0x0000000085f00000)
 Metaspace       used 34829K, capacity 35214K, committed 35496K, reserved 1081344K
  class space    used 4454K, capacity 4573K, committed 4608K, reserved 1048576K
Event: 12.186 GC heap after
Heap after GC invocations=11 (full 2):
 PSYoungGen      total 268288K, used 0K [0x00000000d6600000, 0x00000000ee580000, 0x0000000100000000)
  eden space 258048K, 0% used [0x00000000d6600000,0x00000000d6600000,0x00000000e6200000)
  from space 10240K, 0% used [0x00000000e6200000,0x00000000e6200000,0x00000000e6c00000)
  to   space 13312K, 0% used [0x00000000ed880000,0x00000000ed880000,0x00000000ee580000)
 ParOldGen       total 69120K, used 20919K [0x0000000083200000, 0x0000000087580000, 0x00000000d6600000)
  object space 69120K, 30% used [0x0000000083200000,0x000000008466dfe0,0x0000000087580000)
 Metaspace       used 34829K, capacity 35214K, committed 35496K, reserved 1081344K
  class space    used 4454K, capacity 4573K, committed 4608K, reserved 1048576K
}
Event: 16.604 GC heap before
{Heap before GC invocations=12 (full 2):
 PSYoungGen      total 268288K, used 258048K [0x00000000d6600000, 0x00000000ee580000, 0x0000000100000000)
  eden space 258048K, 100% used [0x00000000d6600000,0x00000000e6200000,0x00000000e6200000)
  from space 10240K, 0% used [0x00000000e6200000,0x00000000e6200000,0x00000000e6c00000)
  to   space 13312K, 0% used [0x00000000ed880000,0x00000000ed880000,0x00000000ee580000)
 ParOldGen       total 69120K, used 20919K [0x0000000083200000, 0x0000000087580000, 0x00000000d6600000)
  object space 69120K, 30% used [0x0000000083200000,0x000000008466dfe0,0x0000000087580000)
 Metaspace       used 45220K, capacity 45732K, committed 46080K, reserved 1089536K
  class space    used 5968K, capacity 6125K, committed 6144K, reserved 1048576K
Event: 16.675 GC heap after
Heap after GC invocations=12 (full 2):
 PSYoungGen      total 376320K, used 13286K [0x00000000d6600000, 0x00000000ef580000, 0x0000000100000000)
  eden space 363008K, 0% used [0x00000000d6600000,0x00000000d6600000,0x00000000ec880000)
  from space 13312K, 99% used [0x00000000ed880000,0x00000000ee579888,0x00000000ee580000)
  to   space 16384K, 0% used [0x00000000ec880000,0x00000000ec880000,0x00000000ed880000)
 ParOldGen       total 69120K, used 24422K [0x0000000083200000, 0x0000000087580000, 0x00000000d6600000)
  object space 69120K, 35% used [0x0000000083200000,0x00000000849d9a80,0x0000000087580000)
 Metaspace       used 45220K, capacity 45732K, committed 46080K, reserved 1089536K
  class space    used 5968K, capacity 6125K, committed 6144K, reserved 1048576K
}
Event: 24.768 GC heap before
{Heap before GC invocations=13 (full 2):
 PSYoungGen      total 376320K, used 376294K [0x00000000d6600000, 0x00000000ef580000, 0x0000000100000000)
  eden space 363008K, 100% used [0x00000000d6600000,0x00000000ec880000,0x00000000ec880000)
  from space 13312K, 99% used [0x00000000ed880000,0x00000000ee579888,0x00000000ee580000)
  to   space 16384K, 0% used [0x00000000ec880000,0x00000000ec880000,0x00000000ed880000)
 ParOldGen       total 69120K, used 24422K [0x0000000083200000, 0x0000000087580000, 0x00000000d6600000)
  object space 69120K, 35% used [0x0000000083200000,0x00000000849d9a80,0x0000000087580000)
 Metaspace       used 46196K, capacity 46752K, committed 46976K, reserved 1089536K
  class space    used 6099K, capacity 6239K, committed 6272K, reserved 1048576K

Deoptimization events (10 events):
Event: 14.615 Thread 0x00007fa4ac002000 Uncommon trap: reason=unstable_if action=reinterpret pc=0x00007fa4dcd8b60c method=java.util.concurrent.ConcurrentHashMap.putVal(Ljava/lang/Object;Ljava/lang/Object;Z)Ljava/lang/Object; @ 331
Event: 14.759 Thread 0x00007fa4ac002000 Uncommon trap: reason=unstable_if action=reinterpret pc=0x00007fa4dce26c88 method=java.lang.Class$MethodArray.addIfNotPresent(Ljava/lang/reflect/Method;)V @ 19
Event: 14.770 Thread 0x00007fa4ac002000 Uncommon trap: reason=null_check action=make_not_entrant pc=0x00007fa4dceb4bb8 method=org.springframework.util.ClassUtils.isAssignable(Ljava/lang/Class;Ljava/lang/Class;)Z @ 61
Event: 14.972 Thread 0x00007fa4ac002000 Uncommon trap: reason=unstable_if action=reinterpret pc=0x00007fa4dce2a384 method=java.util.concurrent.ConcurrentHashMap.transfer([Ljava/util/concurrent/ConcurrentHashMap$Node;[Ljava/util/concurrent/ConcurrentHashMap$Node;)V @ 356
Event: 14.976 Thread 0x00007fa4ac002000 Uncommon trap: reason=unstable_if action=reinterpret pc=0x00007fa4dcdf2708 method=java.util.concurrent.ConcurrentHashMap.transfer([Ljava/util/concurrent/ConcurrentHashMap$Node;[Ljava/util/concurrent/ConcurrentHashMap$Node;)V @ 356
Event: 15.085 Thread 0x00007fa4ac002000 Uncommon trap: reason=null_check action=make_not_entrant pc=0x00007fa4dcf09694 method=org.springframework.core.annotation.AnnotatedElementUtils.searchWithGetSemanticsInAnnotations(Ljava/lang/reflect/AnnotatedElement;Ljava/util/List;Ljava/lang/Class;Ljava/
Event: 15.176 Thread 0x00007fa4ac002000 Uncommon trap: reason=unstable_if action=reinterpret pc=0x00007fa4dce933a0 method=org.springframework.asm.Type.getDescriptor(Ljava/lang/StringBuilder;Ljava/lang/Class;)V @ 39
Event: 15.686 Thread 0x00007fa4ac002000 Uncommon trap: reason=predicate action=maybe_recompile pc=0x00007fa4dcf19d94 method=org.springframework.util.ReflectionUtils.doWithMethods(Ljava/lang/Class;Lorg/springframework/util/ReflectionUtils$MethodCallback;Lorg/springframework/util/ReflectionUtils$
Event: 16.761 Thread 0x00007fa4ac002000 Uncommon trap: reason=unstable_if action=reinterpret pc=0x00007fa4dc9d0fe4 method=java.lang.String.concat(Ljava/lang/String;)Ljava/lang/String; @ 6
Event: 19.035 Thread 0x00007fa4ac002000 Uncommon trap: reason=unstable_if action=reinterpret pc=0x00007fa4dc9d70e8 method=org.springframework.util.ConcurrentReferenceHashMap$Segment.restructureIfNecessary(Z)V @ 33

Classes redefined (0 events):
No events

Internal exceptions (10 events):
Event: 18.788 Thread 0x00007fa4ac002000 Exception <a 'java/lang/ClassNotFoundException': org/springframework/web/servlet/theme/FixedThemeResolverCustomizer> (0x00000000de625078) thrown at [/HUDSON/workspace/8-2-build-linux-amd64/jdk8u161/10277/hotspot/src/share/vm/classfile/systemDictionary.cpp
Event: 18.789 Thread 0x00007fa4ac002000 Exception <a 'java/lang/ClassNotFoundException': org/springframework/web/servlet/ThemeResolverCustomizer> (0x00000000de643cd0) thrown at [/HUDSON/workspace/8-2-build-linux-amd64/jdk8u161/10277/hotspot/src/share/vm/classfile/systemDictionary.cpp, line 210]
Event: 18.819 Thread 0x00007fa4ac002000 Exception <a 'java/lang/ClassNotFoundException': org/springframework/web/servlet/view/DefaultRequestToViewNameTranslatorBeanInfo> (0x00000000de67f128) thrown at [/HUDSON/workspace/8-2-build-linux-amd64/jdk8u161/10277/hotspot/src/share/vm/classfile/systemD
Event: 18.819 Thread 0x00007fa4ac002000 Exception <a 'java/lang/ClassNotFoundException': org/springframework/web/servlet/view/DefaultRequestToViewNameTranslatorCustomizer> (0x00000000de6a2338) thrown at [/HUDSON/workspace/8-2-build-linux-amd64/jdk8u161/10277/hotspot/src/share/vm/classfile/syste
Event: 18.820 Thread 0x00007fa4ac002000 Exception <a 'java/lang/ClassNotFoundException': org/springframework/web/servlet/RequestToViewNameTranslatorCustomizer> (0x00000000de6d3c20) thrown at [/HUDSON/workspace/8-2-build-linux-amd64/jdk8u161/10277/hotspot/src/share/vm/classfile/systemDictionary.
Event: 18.830 Thread 0x00007fa4ac002000 Exception <a 'java/lang/ClassNotFoundException': org/springframework/web/servlet/support/SessionFlashMapManagerBeanInfo> (0x00000000de71bd10) thrown at [/HUDSON/workspace/8-2-build-linux-amd64/jdk8u161/10277/hotspot/src/share/vm/classfile/systemDictionary
Event: 18.830 Thread 0x00007fa4ac002000 Exception <a 'java/lang/ClassNotFoundException': org/springframework/web/servlet/support/AbstractFlashMapManagerBeanInfo> (0x00000000de73c040) thrown at [/HUDSON/workspace/8-2-build-linux-amd64/jdk8u161/10277/hotspot/src/share/vm/classfile/systemDictionar
Event: 18.830 Thread 0x00007fa4ac002000 Exception <a 'java/lang/ClassNotFoundException': org/springframework/web/servlet/support/AbstractFlashMapManagerCustomizer> (0x00000000de75c930) thrown at [/HUDSON/workspace/8-2-build-linux-amd64/jdk8u161/10277/hotspot/src/share/vm/classfile/systemDiction
Event: 18.831 Thread 0x00007fa4ac002000 Exception <a 'java/lang/ClassNotFoundException': org/springframework/web/servlet/support/SessionFlashMapManagerCustomizer> (0x00000000de784ef8) thrown at [/HUDSON/workspace/8-2-build-linux-amd64/jdk8u161/10277/hotspot/src/share/vm/classfile/systemDictiona
Event: 18.831 Thread 0x00007fa4ac002000 Exception <a 'java/lang/ClassNotFoundException': org/springframework/web/servlet/FlashMapManagerCustomizer> (0x00000000de7a3b68) thrown at [/HUDSON/workspace/8-2-build-linux-amd64/jdk8u161/10277/hotspot/src/share/vm/classfile/systemDictionary.cpp, line 21

Events (10 events):
Event: 19.051 loading class org/springframework/util/StopWatch$TaskInfo done
Event: 19.052 Thread 0x00007fa4ac002000 Thread exited: 0x00007fa4ac002000
Event: 19.053 loading class java/util/WeakHashMap$KeyIterator
Event: 19.053 loading class java/util/WeakHashMap$KeyIterator done
Event: 19.053 Thread 0x00007fa4ec80f000 Thread exited: 0x00007fa4ec80f000
Event: 19.054 Thread 0x00007fa4ec012000 Thread exited: 0x00007fa4ec012000
Event: 19.054 Thread 0x00007fa4ec012000 Thread added: 0x00007fa4ec012000
Event: 19.131 Thread 0x00007fa4a0a89800 DEOPT PACKING pc=0x00007fa4dcabd900 sp=0x00007fa49dde50e0
Event: 19.131 Thread 0x00007fa4a0a89800 DEOPT UNPACKING pc=0x00007fa4dc3c4784 sp=0x00007fa49dde4e68 mode 0
Event: 24.761 Executing VM operation: ParallelGCFailedAllocation


Dynamic libraries:
00400000-00401000 r-xp 00000000 08:01 2495783                            /usr/lib/jvm/java-8-oracle/bin/java
00600000-00601000 rw-p 00000000 08:01 2495783                            /usr/lib/jvm/java-8-oracle/bin/java
018f4000-01915000 rw-p 00000000 00:00 0                                  [heap]
83200000-87580000 rw-p 00000000 00:00 0 
87580000-d6600000 ---p 00000000 00:00 0 
d6600000-ef580000 rw-p 00000000 00:00 0 
f8280000-100000000 ---p 00000000 00:00 0 
100000000-100620000 rw-p 00000000 00:00 0 
100620000-140000000 ---p 00000000 00:00 0 
7fa498000000-7fa498022000 rw-p 00000000 00:00 0 
7fa498022000-7fa49c000000 ---p 00000000 00:00 0 
7fa49dae4000-7fa49dae7000 ---p 00000000 00:00 0 
7fa49dae7000-7fa49dbe5000 rw-p 00000000 00:00 0                          [stack:22315]
7fa49dbe5000-7fa49dbe8000 ---p 00000000 00:00 0 
7fa49dbe8000-7fa49dce6000 rw-p 00000000 00:00 0 
7fa49dce6000-7fa49dce9000 ---p 00000000 00:00 0 
7fa49dce9000-7fa49dfa7000 rw-p 00000000 00:00 0                          [stack:22312]
7fa49dfa7000-7fa49dfe7000 ---p 00000000 00:00 0 
7fa49dfe7000-7fa49e1e7000 rw-p 00000000 00:00 0 
7fa49e1e7000-7fa49e3e7000 rw-p 00000000 00:00 0 
7fa49e3e7000-7fa49e5e7000 rw-p 00000000 00:00 0 
7fa49e5e7000-7fa49e7e7000 rw-p 00000000 00:00 0 
7fa49e7e7000-7fa49e9e7000 rw-p 00000000 00:00 0 
7fa49e9e7000-7fa49e9ea000 ---p 00000000 00:00 0 
7fa49e9ea000-7fa49ece8000 rw-p 00000000 00:00 0                          [stack:22250]
7fa49ece8000-7fa49eceb000 ---p 00000000 00:00 0 
7fa49eceb000-7fa49ede9000 rw-p 00000000 00:00 0                          [stack:22244]
7fa49ede9000-7fa49edec000 ---p 00000000 00:00 0 
7fa49edec000-7fa49eeea000 rw-p 00000000 00:00 0                          [stack:22241]
7fa49eeea000-7fa49eeed000 ---p 00000000 00:00 0 
7fa49eeed000-7fa49efeb000 rw-p 00000000 00:00 0                          [stack:22240]
7fa49efeb000-7fa49efee000 ---p 00000000 00:00 0 
7fa49efee000-7fa49f0ec000 rw-p 00000000 00:00 0                          [stack:22239]
7fa49f0ec000-7fa49f0ef000 ---p 00000000 00:00 0 
7fa49f0ef000-7fa49f1ed000 rw-p 00000000 00:00 0                          [stack:22238]
7fa49f1ed000-7fa49f1f0000 ---p 00000000 00:00 0 
7fa49f1f0000-7fa49f2ee000 rw-p 00000000 00:00 0                          [stack:22237]
7fa49f2ee000-7fa49f2f1000 ---p 00000000 00:00 0 
7fa49f2f1000-7fa49f5ef000 rw-p 00000000 00:00 0                          [stack:22236]
7fa49f5ef000-7fa49f7ef000 rw-p 00000000 00:00 0 
7fa49f7ef000-7fa49f9ef000 rw-p 00000000 00:00 0 
7fa49f9ef000-7fa49fbef000 rw-p 00000000 00:00 0 
7fa49fbef000-7fa49fdef000 rw-p 00000000 00:00 0 
7fa49fdef000-7fa49fe00000 r-xp 00000000 08:01 3015994                    /usr/lib/jvm/java-8-oracle/jre/lib/amd64/libnio.so
7fa49fe00000-7fa49ffff000 ---p 00011000 08:01 3015994                    /usr/lib/jvm/java-8-oracle/jre/lib/amd64/libnio.so
7fa49ffff000-7fa4a0000000 rw-p 00010000 08:01 3015994                    /usr/lib/jvm/java-8-oracle/jre/lib/amd64/libnio.so
7fa4a0000000-7fa4a0f0f000 rw-p 00000000 00:00 0 
7fa4a0f0f000-7fa4a4000000 ---p 00000000 00:00 0 
7fa4a4000000-7fa4a42a6000 rw-p 00000000 00:00 0 
7fa4a42a6000-7fa4a8000000 ---p 00000000 00:00 0 
7fa4a8000000-7fa4a8021000 rw-p 00000000 00:00 0 
7fa4a8021000-7fa4ac000000 ---p 00000000 00:00 0 
7fa4ac000000-7fa4ac021000 rw-p 00000000 00:00 0 
7fa4ac021000-7fa4b0000000 ---p 00000000 00:00 0 
7fa4b0000000-7fa4b10ce000 rw-p 00000000 00:00 0 
7fa4b10ce000-7fa4b4000000 ---p 00000000 00:00 0 
7fa4b4000000-7fa4b4021000 rw-p 00000000 00:00 0 
7fa4b4021000-7fa4b8000000 ---p 00000000 00:00 0 
7fa4b8000000-7fa4b8021000 rw-p 00000000 00:00 0 
7fa4b8021000-7fa4bc000000 ---p 00000000 00:00 0 
7fa4bc000000-7fa4bd719000 rw-p 00000000 00:00 0 
7fa4bd719000-7fa4c0000000 ---p 00000000 00:00 0 
7fa4c0000000-7fa4c0021000 rw-p 00000000 00:00 0 
7fa4c0021000-7fa4c4000000 ---p 00000000 00:00 0 
7fa4c4000000-7fa4c4021000 rw-p 00000000 00:00 0 
7fa4c4021000-7fa4c8000000 ---p 00000000 00:00 0 
7fa4c8000000-7fa4c8021000 rw-p 00000000 00:00 0 
7fa4c8021000-7fa4cc000000 ---p 00000000 00:00 0 
7fa4cc000000-7fa4cc28f000 rw-p 00000000 00:00 0 
7fa4cc28f000-7fa4d0000000 ---p 00000000 00:00 0 
7fa4d0000000-7fa4d002c000 rw-p 00000000 00:00 0 
7fa4d002c000-7fa4d4000000 ---p 00000000 00:00 0 
7fa4d408c000-7fa4d408d000 rw-p 00000000 00:00 0 
7fa4d408d000-7fa4d40a0000 r--s 00345000 08:01 2495989                    /usr/lib/jvm/java-8-oracle/jre/lib/resources.jar
7fa4d40a0000-7fa4d40a5000 r--s 0009d000 08:01 2495987                    /usr/lib/jvm/java-8-oracle/jre/lib/jsse.jar
7fa4d40a5000-7fa4d42a5000 rw-p 00000000 00:00 0 
7fa4d42a5000-7fa4d42a8000 ---p 00000000 00:00 0 
7fa4d42a8000-7fa4d45a6000 rw-p 00000000 00:00 0                          [stack:22235]
7fa4d45a6000-7fa4d47a6000 rw-p 00000000 00:00 0 
7fa4d47a6000-7fa4d47a9000 ---p 00000000 00:00 0 
7fa4d47a9000-7fa4d4aa7000 rw-p 00000000 00:00 0                          [stack:22234]
7fa4d4aa7000-7fa4d4abd000 r-xp 00000000 08:01 3015975                    /usr/lib/jvm/java-8-oracle/jre/lib/amd64/libnet.so
7fa4d4abd000-7fa4d4cbd000 ---p 00016000 08:01 3015975                    /usr/lib/jvm/java-8-oracle/jre/lib/amd64/libnet.so
7fa4d4cbd000-7fa4d4cbe000 rw-p 00016000 08:01 3015975                    /usr/lib/jvm/java-8-oracle/jre/lib/amd64/libnet.so
7fa4d4cbe000-7fa4d4cc7000 r-xp 00000000 08:01 3016029                    /usr/lib/jvm/java-8-oracle/jre/lib/amd64/libmanagement.so
7fa4d4cc7000-7fa4d4ec6000 ---p 00009000 08:01 3016029                    /usr/lib/jvm/java-8-oracle/jre/lib/amd64/libmanagement.so
7fa4d4ec6000-7fa4d4ec7000 rw-p 00008000 08:01 3016029                    /usr/lib/jvm/java-8-oracle/jre/lib/amd64/libmanagement.so
7fa4d4ec7000-7fa4d4eca000 ---p 00000000 00:00 0 
7fa4d4eca000-7fa4d4fc8000 rw-p 00000000 00:00 0 
7fa4d4fc8000-7fa4d4fcb000 ---p 00000000 00:00 0 
7fa4d4fcb000-7fa4d50c9000 rw-p 00000000 00:00 0 
7fa4d50c9000-7fa4d50cb000 r--s 00003000 08:01 1603419                    /home/manoj/.gradle/caches/modules-2/files-2.1/org.apache.tomcat/tomcat-annotations-api/8.5.23/aaf17df9fe0240e9e9d5375d24d5f177174b73d9/tomcat-annotations-api-8.5.23.jar
7fa4d50cb000-7fa4d50cd000 r--s 00002000 08:01 1603418                    /home/manoj/.gradle/caches/modules-2/files-2.1/org.atteo/evo-inflector/1.2.2/2551aad98d65ac5464d81fe05f0e1516cfe471c9/evo-inflector-1.2.2.jar
7fa4d50cd000-7fa4d50ce000 r--s 0000b000 08:01 1603415                    /home/manoj/.gradle/caches/modules-2/files-2.1/org.apache.tomcat/tomcat-juli/8.5.23/98e7f0610b7b2fb8303f11be0210e3f5a56a7d55/tomcat-juli-8.5.23.jar
7fa4d50ce000-7fa4d50d0000 r--s 0000c000 08:01 1612425                    /home/manoj/.gradle/caches/modules-2/files-2.1/org.ow2.asm/asm/5.1/5ef31c4fe953b1fd00b8a88fa1d6820e8785bb45/asm-5.1.jar
7fa4d50d0000-7fa4d50d2000 r--s 00006000 08:01 1612422                    /home/manoj/.gradle/caches/modules-2/files-2.1/org.ow2.asm/asm-tree/5.1/87b38c12a0ea645791ead9d3e74ae5268d1d6c34/asm-tree-5.1.jar
7fa4d50d2000-7fa4d50d4000 r--s 0000a000 08:01 1612421                    /home/manoj/.gradle/caches/modules-2/files-2.1/org.ow2.asm/asm-commons/5.1/25d8a575034dd9cfcb375a39b5334f0ba9c8474e/asm-commons-5.1.jar
7fa4d50d4000-7fa4d50d6000 r--s 00005000 08:01 1612420                    /home/manoj/.gradle/caches/modules-2/files-2.1/javax.annotation/javax.annotation-api/1.2/479c1e06db31c432330183f5cae684163f186146/javax.annotation-api-1.2.jar
7fa4d50d6000-7fa4d50d9000 r--s 00015000 08:01 1603498                    /home/manoj/.gradle/caches/modules-2/files-2.1/javax.servlet/javax.servlet-api/3.1.0/3cd63d075497751784b2fa84be59432f4905bf7c/javax.servlet-api-3.1.0.jar
7fa4d50d9000-7fa4d50dc000 r--s 00008000 08:01 1612419                    /home/manoj/.gradle/caches/modules-2/files-2.1/org.eclipse.jetty.websocket/websocket-api/9.4.7.v20170914/aa7717f73a613c338bda18bfa5b7bd8b6917330/websocket-api-9.4.7.v20170914.jar
7fa4d50dc000-7fa4d50e7000 r--s 0006a000 08:01 1603420                    /home/manoj/.gradle/caches/modules-2/files-2.1/ch.qos.logback/logback-core/1.1.11/88b8df40340eed549fb07e2613879bf6b006704d/logback-core-1.1.11.jar
7fa4d50e7000-7fa4d50e9000 r--s 0000e000 08:01 1603410                    /home/manoj/.gradle/caches/modules-2/files-2.1/com.fasterxml/classmate/1.3.4/3d5f48f10bbe4eb7bd862f10c0583be2e0053c6/classmate-1.3.4.jar
7fa4d50e9000-7fa4d50ed000 r--s 0000c000 08:01 1603409                    /home/manoj/.gradle/caches/modules-2/files-2.1/javax.validation/validation-api/1.1.0.Final/8613ae82954779d518631e05daa73a6a954817d5/validation-api-1.1.0.Final.jar
7fa4d50ed000-7fa4d50f1000 r--s 00037000 08:01 1603407                    /home/manoj/.gradle/caches/modules-2/files-2.1/org.apache.tomcat.embed/tomcat-embed-el/8.5.23/98d979cde444dffa6d434c8377d0123b2dfa614c/tomcat-embed-el-8.5.23.jar
7fa4d50f1000-7fa4d511a000 r--s 002c7000 08:01 1603406                    /home/manoj/.gradle/caches/modules-2/files-2.1/org.apache.tomcat.embed/tomcat-embed-core/8.5.23/79261793a47f507890ee08f749b9d81774e4f7f0/tomcat-embed-core-8.5.23.jar
7fa4d511a000-7fa4d511f000 r--s 00038000 08:01 1603408                    /home/manoj/.gradle/caches/modules-2/files-2.1/org.apache.tomcat.embed/tomcat-embed-websocket/8.5.23/52f07abcae10dc7e1764304b0877def175c2c833/tomcat-embed-websocket-8.5.23.jar
7fa4d511f000-7fa4d5124000 r--s 00048000 08:01 1603395                    /home/manoj/.gradle/caches/modules-2/files-2.1/dom4j/dom4j/1.6.1/5d3ccc056b6f056dbf0dddfdf43894b9065a8f94/dom4j-1.6.1.jar
7fa4d5124000-7fa4d5127000 r--s 0002b000 08:01 1603394                    /home/manoj/.gradle/caches/modules-2/files-2.1/org.jboss/jandex/2.0.0.Final/3e899258936f94649c777193e1be846387ed54b3/jandex-2.0.0.Final.jar
7fa4d5127000-7fa4d512c000 r--s 00068000 08:01 1603393                    /home/manoj/.gradle/caches/modules-2/files-2.1/antlr/antlr/2.7.7/83cd2cd674a217ade95a4bb83a8a14f351f48bd0/antlr-2.7.7.jar
7fa4d512c000-7fa4d5136000 r--s 000aa000 08:01 1603392                    /home/manoj/.gradle/caches/modules-2/files-2.1/org.javassist/javassist/3.21.0-GA/598244f595db5c5fb713731eddbb1c91a58d959b/javassist-3.21.0-GA.jar
7fa4d5136000-7fa4d513b000 r--s 00017000 08:01 1603391                    /home/manoj/.gradle/caches/modules-2/files-2.1/org.hibernate.javax.persistence/hibernate-jpa-2.1-api/1.0.0.Final/5e731d961297e5a07290bfaf3db1fbc8bbbf405a/hibernate-jpa-2.1-api-1.0.0.Final.jar
7fa4d513b000-7fa4d513e000 r--s 0000e000 08:01 1603390                    /home/manoj/.gradle/caches/modules-2/files-2.1/org.jboss.logging/jboss-logging/3.3.1.Final/c46217ab74b532568c0ed31dc599db3048bd1b67/jboss-logging-3.3.1.Final.jar
7fa4d513e000-7fa4d5141000 r--s 00010000 08:01 1603396                    /home/manoj/.gradle/caches/modules-2/files-2.1/org.hibernate.common/hibernate-commons-annotations/5.0.1.Final/71e1cff3fcb20d3b3af4f3363c3ddb24d33c6879/hibernate-commons-annotations-5.0.1.Final.jar
7fa4d5141000-7fa4d5144000 r--s 00021000 08:01 1603388                    /home/manoj/.gradle/caches/modules-2/files-2.1/org.apache.tomcat/tomcat-jdbc/8.5.23/6036400a8f2d90dd3ae3a4d09e5136c56002887b/tomcat-jdbc-8.5.23.jar
7fa4d5144000-7fa4d515d000 r--s 001bf000 08:01 1603387                    /home/manoj/.gradle/caches/modules-2/files-2.1/org.aspectj/aspectjweaver/1.8.13/ad94df2a28d658a40dc27bbaff6a1ce5fbf04e9b/aspectjweaver-1.8.13.jar
7fa4d515d000-7fa4d515f000 r--s 00007000 08:01 1612418                    /home/manoj/.gradle/caches/modules-2/files-2.1/javax.websocket/javax.websocket-api/1.0/fc843b649d4a1dcb0497669d262befa3918c7ba8/javax.websocket-api-1.0.jar
7fa4d515f000-7fa4d5161000 r--s 00004000 08:01 1612417                    /home/manoj/.gradle/caches/modules-2/files-2.1/org.eclipse.jetty.websocket/websocket-servlet/9.4.7.v20170914/a75e6706b6af7a87bd3edebbddc45e6cb525f321/websocket-servlet-9.4.7.v20170914.jar
7fa4d5161000-7fa4d5169000 r--s 0006a000 08:01 1612416                    /home/manoj/.gradle/caches/modules-2/files-2.1/org.eclipse.jetty/jetty-util/9.4.7.v20170914/771efdf5983c174d6d9c58892108c1c2d018404a/jetty-util-9.4.7.v20170914.jar
7fa4d5169000-7fa4d516a000 r--s 0000c000 08:01 1612415                    /home/manoj/.gradle/caches/modules-2/files-2.1/org.eclipse.jetty/jetty-xml/9.4.7.v20170914/203e38c00bba11bcb72b41c8d7a1714df61f31e5/jetty-xml-9.4.7.v20170914.jar
7fa4d516a000-7fa4d516d000 r--s 0001d000 08:01 1612414                    /home/manoj/.gradle/caches/modules-2/files-2.1/org.eclipse.jetty/jetty-io/9.4.7.v20170914/a51742105ec2665f5ad80c17c784b388cb855329/jetty-io-9.4.7.v20170914.jar
7fa4d516d000-7fa4d5172000 r--s 0002c000 08:01 1612413                    /home/manoj/.gradle/caches/modules-2/files-2.1/org.eclipse.jetty.websocket/websocket-common/9.4.7.v20170914/47d18802581af0a1c458f7074a47e6e07ee864a0/websocket-common-9.4.7.v20170914.jar
7fa4d5172000-7fa4d5175000 r--s 00026000 08:01 1612412                    /home/manoj/.gradle/caches/modules-2/files-2.1/org.eclipse.jetty/jetty-http/9.4.7.v20170914/44a0adb69ff6131129df34d43b28e196c8ce0a90/jetty-http-9.4.7.v20170914.jar
7fa4d5175000-7fa4d517d000 r--s 00086000 08:01 1612411                    /home/manoj/.gradle/caches/modules-2/files-2.1/org.eclipse.jetty/jetty-server/9.4.7.v20170914/886adb1b347f42698ea5482e600033428ad32afb/jetty-server-9.4.7.v20170914.jar
7fa4d517d000-7fa4d517f000 r--s 00015000 08:01 1612410                    /home/manoj/.gradle/caches/modules-2/files-2.1/org.eclipse.jetty/jetty-security/9.4.7.v20170914/5119551fb6f19c556ea40588ab4c8f11967796ad/jetty-security-9.4.7.v20170914.jar
7fa4d517f000-7fa4d5181000 r--s 00019000 08:01 1612409                    /home/manoj/.gradle/caches/modules-2/files-2.1/org.eclipse.jetty/jetty-servlet/9.4.7.v20170914/980023d7ac2504839f89f337de76c345b21808a1/jetty-servlet-9.4.7.v20170914.jar
7fa4d5181000-7fa4d5187000 r--s 0003c000 08:01 1612408                    /home/manoj/.gradle/caches/modules-2/files-2.1/org.eclipse.jetty/jetty-client/9.4.7.v20170914/b1026e2f37cfaf626b7c42c05ce1ec83cd6609ec/jetty-client-9.4.7.v20170914.jar
7fa4d5187000-7fa4d5189000 r--s 00007000 08:01 1612407                    /home/manoj/.gradle/caches/modules-2/files-2.1/org.eclipse.jetty.websocket/websocket-client/9.4.7.v20170914/693b3492e04b78757d88544f321076265909a503/websocket-client-9.4.7.v20170914.jar
7fa4d5189000-7fa4d518e000 r--s 00023000 08:01 1612406                    /home/manoj/.gradle/caches/modules-2/files-2.1/org.eclipse.jetty.websocket/javax-websocket-client-impl/9.4.7.v20170914/94e54b803406f711e2f9636dd658e497e2ca9e67/javax-websocket-client-impl-9.4.7.v20170914.jar
7fa4d518e000-7fa4d5190000 r--s 00003000 08:01 1612405                    /home/manoj/.gradle/caches/modules-2/files-2.1/org.eclipse.jetty/jetty-continuation/9.4.7.v20170914/6b2aaa9da3e11e0f12bba9a80e74a389ab0d045e/jetty-continuation-9.4.7.v20170914.jar
7fa4d5190000-7fa4d5197000 r--s 0003f000 08:01 1613011                    /home/manoj/.gradle/caches/modules-2/files-2.1/commons-codec/commons-codec/1.10/4b95f4897fa13f2cd904aee711aeafc0c5295cd8/commons-codec-1.10.jar
7fa4d5197000-7fa4d519b000 r--s 00042000 08:01 1603404                    /home/manoj/.gradle/caches/modules-2/files-2.1/com.fasterxml.jackson.core/jackson-core/2.8.10/eb21a035c66ad307e66ec8fce37f5d50fd62d039/jackson-core-2.8.10.jar
7fa4d519b000-7fa4d519d000 r--s 00009000 08:01 1603402                    /home/manoj/.gradle/caches/modules-2/files-2.1/org.slf4j/slf4j-api/1.7.25/da76ca59f6a57ee3102f8f9bd9cee742973efa8a/slf4j-api-1.7.25.jar
7fa4d519d000-7fa4d519f000 r--s 00004000 08:01 1603414                    /home/manoj/.gradle/caches/modules-2/files-2.1/org.slf4j/log4j-over-slf4j/1.7.25/a87bb47468f47ee7aabbd54f93e133d4215769c3/log4j-over-slf4j-1.7.25.jar
7fa4d519f000-7fa4d51a1000 r--s 00000000 08:01 1603413                    /home/manoj/.gradle/caches/modules-2/files-2.1/org.slf4j/jul-to-slf4j/1.7.25/af5364cd6679bfffb114f0dec8a157aaa283b76/jul-to-slf4j-1.7.25.jar
7fa4d51a1000-7fa4d51a3000 r--s 00003000 08:01 1603403                    /home/manoj/.gradle/caches/modules-2/files-2.1/org.slf4j/jcl-over-slf4j/1.7.25/f8c32b13ff142a513eeb5b6330b1588dcb2c0461/jcl-over-slf4j-1.7.25.jar
7fa4d51a3000-7fa4d51aa000 r--s 00045000 08:01 1603412                    /home/manoj/.gradle/caches/modules-2/files-2.1/ch.qos.logback/logback-classic/1.1.11/ccedfbacef4a6515d2983e3f89ed753d5d4fb665/logback-classic-1.1.11.jar
7fa4d51aa000-7fa4d51bb000 r--s 000a1000 08:01 1603379                    /home/manoj/.gradle/caches/modules-2/files-2.1/org.hibernate/hibernate-validator/5.3.6.Final/4c730be8bf55a8e9a61e79a2f2c079abf48b718/hibernate-validator-5.3.6.Final.jar
7fa4d51bb000-7fa4d51bc000 r--s 00000000 08:01 1603378                    /home/manoj/.gradle/caches/modules-2/files-2.1/org.springframework.boot/spring-boot-starter-tomcat/1.5.9.RELEASE/4615056f8a2bcad03ba8cdf410419ee3d101c5bb/spring-boot-starter-tomcat-1.5.9.RELEASE.jar
7fa4d51bc000-7fa4d51bf000 r--s 0000b000 08:01 1603375                    /home/manoj/.gradle/caches/modules-2/files-2.1/com.fasterxml.jackson.core/jackson-annotations/2.8.0/45b426f7796b741035581a176744d91090e2e6fb/jackson-annotations-2.8.0.jar
7fa4d51bf000-7fa4d51d1000 r--s 0011e000 08:01 1603376                    /home/manoj/.gradle/caches/modules-2/files-2.1/com.fasterxml.jackson.core/jackson-databind/2.8.10/f7b83cb2bc4b88d53961e749e1ad32f49ef017b7/jackson-databind-2.8.10.jar
7fa4d51d1000-7fa4d51d4000 r--s 0000c000 08:01 1603374                    /home/manoj/.gradle/caches/modules-2/files-2.1/org.springframework/spring-aspects/4.3.13.RELEASE/c91788e6b7c431379d0f7fe5f85f427d7e3f01ae/spring-aspects-4.3.13.RELEASE.jar
7fa4d51d4000-7fa4d51d6000 r--s 00006000 08:01 1603372                    /home/manoj/.gradle/caches/modules-2/files-2.1/javax.transaction/javax.transaction-api/1.2/d81aff979d603edd90dcd8db2abc1f4ce6479e3e/javax.transaction-api-1.2.jar
7fa4d51d6000-7fa4d523f000 r--s 004f3000 08:01 1603370                    /home/manoj/.gradle/caches/modules-2/files-2.1/org.hibernate/hibernate-core/5.0.12.Final/e58bf1c660e6706d8e2cbb53bae110f574366102/hibernate-core-5.0.12.Final.jar
7fa4d523f000-7fa4d524c000 r--s 00089000 08:01 1603371                    /home/manoj/.gradle/caches/modules-2/files-2.1/org.hibernate/hibernate-entitymanager/5.0.12.Final/302a526f5058290e9cbd719a5caf9f248d344719/hibernate-entitymanager-5.0.12.Final.jar
7fa4d524c000-7fa4d5250000 r--s 00037000 08:01 1612404                    /home/manoj/.gradle/caches/modules-2/files-2.1/org.mortbay.jasper/apache-el/8.0.33/1b8fa2179b3937cada939317bb135815e79c0ac2/apache-el-8.0.33.jar
7fa4d5250000-7fa4d5252000 r--s 00007000 08:01 1612403                    /home/manoj/.gradle/caches/modules-2/files-2.1/org.eclipse.jetty.websocket/websocket-server/9.4.7.v20170914/560ebb2f187c0f61b07b24eb667f669941beff89/websocket-server-9.4.7.v20170914.jar
7fa4d5252000-7fa4d5254000 r--s 0001d000 08:01 1612402                    /home/manoj/.gradle/caches/modules-2/files-2.1/org.eclipse.jetty/jetty-webapp/9.4.7.v20170914/cb3f5561ad15a750dcb0cfdcc2db6df141df74b2/jetty-webapp-9.4.7.v20170914.jar
7fa4d5254000-7fa4d5256000 r--s 0000c000 08:01 1612397                    /home/manoj/.gradle/caches/modules-2/files-2.1/org.eclipse.jetty/jetty-plus/9.4.7.v20170914/862942bedb3d071e475770494b017efc6efa5a4f/jetty-plus-9.4.7.v20170914.jar
7fa4d5256000-7fa4d5259000 r--s 00011000 08:01 1612333                    /home/manoj/.gradle/caches/modules-2/files-2.1/org.eclipse.jetty/jetty-annotations/9.4.7.v20170914/fb2649517a94753465c9dfa05965a5caf471ffcf/jetty-annotations-9.4.7.v20170914.jar
7fa4d5259000-7fa4d525f000 r--s 0003d000 08:01 1603385                    /home/manoj/.gradle/caches/modules-2/files-2.1/org.yaml/snakeyaml/1.17/7a27ea250c5130b2922b86dea63cbb1cc10a660c/snakeyaml-1.17.jar
7fa4d525f000-7fa4d5276000 r--s 000fc000 08:01 1603255                    /home/manoj/.gradle/caches/modules-2/files-2.1/org.springframework/spring-core/4.3.13.RELEASE/eea18d7f4d01f1baa1b6728b678b5a6fe23c61f6/spring-core-4.3.13.RELEASE.jar
7fa4d5276000-7fa4d527b000 r--s 0003c000 08:01 1603411                    /home/manoj/.gradle/caches/modules-2/files-2.1/org.springframework/spring-expression/4.3.13.RELEASE/da22bf7df1262e429b49653be6cd5b89b6affe5e/spring-expression-4.3.13.RELEASE.jar
7fa4d527b000-7fa4d5289000 r--s 000ad000 08:01 1603401                    /home/manoj/.gradle/caches/modules-2/files-2.1/org.springframework/spring-beans/4.3.13.RELEASE/8613a7077722f1d97f8cb3fea4b0b40bfadf4496/spring-beans-4.3.13.RELEASE.jar
7fa4d5289000-7fa4d529c000 r--s 000ad000 08:01 1603397                    /home/manoj/.gradle/caches/modules-2/files-2.1/org.springframework.data/spring-data-commons/1.13.9.RELEASE/3910a598235d2e9c1ca56f34c5e62bb5ce23778/spring-data-commons-1.13.9.RELEASE.jar
7fa4d529c000-7fa4d52a4000 r--s 0003a000 08:01 1603400                    /home/manoj/.gradle/caches/modules-2/files-2.1/org.springframework/spring-tx/4.3.13.RELEASE/6ebf7b3f2099fa884038d9d7bd44817ebd9c5b4a/spring-tx-4.3.13.RELEASE.jar
7fa4d52a4000-7fa4d52ae000 r--s 0005f000 08:01 1603389                    /home/manoj/.gradle/caches/modules-2/files-2.1/org.springframework/spring-jdbc/4.3.13.RELEASE/68e95c2a065641559c7dab7b605bc5847ab026ad/spring-jdbc-4.3.13.RELEASE.jar
7fa4d52ae000-7fa4d52b8000 r--s 0006b000 08:01 1603398                    /home/manoj/.gradle/caches/modules-2/files-2.1/org.springframework/spring-orm/4.3.13.RELEASE/382d3ce044204947f8f2b3fa67a665d4e2bd346f/spring-orm-4.3.13.RELEASE.jar
7fa4d52b8000-7fa4d52c1000 r--s 00054000 08:01 1603386                    /home/manoj/.gradle/caches/modules-2/files-2.1/org.springframework/spring-aop/4.3.13.RELEASE/61f427b55951f59b50f3c2bd0de3c48960e2a342/spring-aop-4.3.13.RELEASE.jar
7fa4d52c1000-7fa4d52da000 r--s 000fe000 08:01 1603399                    /home/manoj/.gradle/caches/modules-2/files-2.1/org.springframework/spring-context/4.3.13.RELEASE/6ab1c189a13182fa3256f6bbc68fafdaf8f5a19e/spring-context-4.3.13.RELEASE.jar
7fa4d52da000-7fa4d52ec000 r--s 000b8000 08:01 1603380                    /home/manoj/.gradle/caches/modules-2/files-2.1/org.springframework/spring-web/4.3.13.RELEASE/7cd084992d546165ede3e99bc31ee49c937f0ce7/spring-web-4.3.13.RELEASE.jar
7fa4d52ec000-7fa4d52fe000 r--s 000cf000 08:01 1603381                    /home/manoj/.gradle/caches/modules-2/files-2.1/org.springframework/spring-webmvc/4.3.13.RELEASE/87a095c7a1d13fe433ae6712787238c1dbaa6919/spring-webmvc-4.3.13.RELEASE.jar
7fa4d52fe000-7fa4d5303000 r--s 0002d000 08:01 1603416                    /home/manoj/.gradle/caches/modules-2/files-2.1/org.springframework.hateoas/spring-hateoas/0.23.0.RELEASE/678ffa0798f417a794fea592dc8066e325611919/spring-hateoas-0.23.0.RELEASE.jar
7fa4d5303000-7fa4d5308000 r--s 0001b000 08:01 1603405                    /home/manoj/.gradle/caches/modules-2/files-2.1/org.springframework.data/spring-data-rest-core/2.6.9.RELEASE/7a0350863ea9b32bd57d9520d4996ff11ea643b8/spring-data-rest-core-2.6.9.RELEASE.jar
7fa4d5308000-7fa4d530f000 r--s 00048000 08:01 1603377                    /home/manoj/.gradle/caches/modules-2/files-2.1/org.springframework.data/spring-data-rest-webmvc/2.6.9.RELEASE/9fe9679f0973c92ee61af30acf844260505d496d/spring-data-rest-webmvc-2.6.9.RELEASE.jar
7fa4d530f000-7fa4d531f000 r--s 00095000 08:01 1603382                    /home/manoj/.gradle/caches/modules-2/files-2.1/org.springframework.boot/spring-boot/1.5.9.RELEASE/f472cdf948288796fb31e0bb03f6e7b022b763a0/spring-boot-1.5.9.RELEASE.jar
7fa4d531f000-7fa4d533f000 r--s 000e6000 08:01 1603383                    /home/manoj/.gradle/caches/modules-2/files-2.1/org.springframework.boot/spring-boot-autoconfigure/1.5.9.RELEASE/88dd18bdaf317ae40971573a051fd47265f2ed39/spring-boot-autoconfigure-1.5.9.RELEASE.jar
7fa4d533f000-7fa4d53d5000 r--s 0110a000 08:01 3015966                    /usr/lib/jvm/java-8-oracle/jre/lib/ext/jfxrt.jar
7fa4d53d5000-7fa4d53d6000 ---p 00000000 00:00 0 
7fa4d53d6000-7fa4d54d6000 rw-p 00000000 00:00 0                          [stack:22165]
7fa4d54d6000-7fa4d54d9000 ---p 00000000 00:00 0 
7fa4d54d9000-7fa4d55d7000 rw-p 00000000 00:00 0                          [stack:22164]
7fa4d55d7000-7fa4d55da000 ---p 00000000 00:00 0 
7fa4d55da000-7fa4d56d8000 rw-p 00000000 00:00 0                          [stack:22163]
7fa4d56d8000-7fa4d56db000 ---p 00000000 00:00 0 
7fa4d56db000-7fa4d57d9000 rw-p 00000000 00:00 0                          [stack:22162]
7fa4d57d9000-7fa4d57dc000 ---p 00000000 00:00 0 
7fa4d57dc000-7fa4d58da000 rw-p 00000000 00:00 0                          [stack:22161]
7fa4d58da000-7fa4d5fbc000 r--p 00000000 08:01 663474                     /usr/lib/locale/locale-archive
7fa4d5fbc000-7fa4d5fbf000 ---p 00000000 00:00 0 
7fa4d5fbf000-7fa4d60bd000 rw-p 00000000 00:00 0                          [stack:22160]
7fa4d60bd000-7fa4d60c0000 ---p 00000000 00:00 0 
7fa4d60c0000-7fa4d61be000 rw-p 00000000 00:00 0                          [stack:22159]
7fa4d61be000-7fa4d61bf000 ---p 00000000 00:00 0 
7fa4d61bf000-7fa4d6c0a000 rw-p 00000000 00:00 0                          [stack:22158]
7fa4d6c0a000-7fa4d6de3000 r--s 03d64000 08:01 2496011                    /usr/lib/jvm/java-8-oracle/jre/lib/rt.jar
7fa4d6de3000-7fa4db83a000 rw-p 00000000 00:00 0 
7fa4db83a000-7fa4db83b000 ---p 00000000 00:00 0 
7fa4db83b000-7fa4db95d000 rw-p 00000000 00:00 0                          [stack:22156]
7fa4db95d000-7fa4dbbd5000 ---p 00000000 00:00 0 
7fa4dbbd5000-7fa4dbbf7000 rw-p 00000000 00:00 0 
7fa4dbbf7000-7fa4dbe6f000 ---p 00000000 00:00 0 
7fa4dbe6f000-7fa4dbf37000 rw-p 00000000 00:00 0 
7fa4dbf37000-7fa4dbfbc000 ---p 00000000 00:00 0 
7fa4dbfbc000-7fa4dbfef000 rw-p 00000000 00:00 0 
7fa4dbfef000-7fa4dc37d000 ---p 00000000 00:00 0 
7fa4dc37d000-7fa4dcfcd000 rwxp 00000000 00:00 0 
7fa4dcfcd000-7fa4eb37d000 ---p 00000000 00:00 0 
7fa4eb37d000-7fa4eb398000 r-xp 00000000 08:01 3016015                    /usr/lib/jvm/java-8-oracle/jre/lib/amd64/libzip.so
7fa4eb398000-7fa4eb598000 ---p 0001b000 08:01 3016015                    /usr/lib/jvm/java-8-oracle/jre/lib/amd64/libzip.so
7fa4eb598000-7fa4eb599000 rw-p 0001b000 08:01 3016015                    /usr/lib/jvm/java-8-oracle/jre/lib/amd64/libzip.so
7fa4eb599000-7fa4eb5a3000 r-xp 00000000 08:01 1842706                    /lib/x86_64-linux-gnu/libnss_files-2.19.so
7fa4eb5a3000-7fa4eb7a2000 ---p 0000a000 08:01 1842706                    /lib/x86_64-linux-gnu/libnss_files-2.19.so
7fa4eb7a2000-7fa4eb7a3000 r--p 00009000 08:01 1842706                    /lib/x86_64-linux-gnu/libnss_files-2.19.so
7fa4eb7a3000-7fa4eb7a4000 rw-p 0000a000 08:01 1842706                    /lib/x86_64-linux-gnu/libnss_files-2.19.so
7fa4eb7a4000-7fa4eb7af000 r-xp 00000000 08:01 1852375                    /lib/x86_64-linux-gnu/libnss_nis-2.19.so
7fa4eb7af000-7fa4eb9ae000 ---p 0000b000 08:01 1852375                    /lib/x86_64-linux-gnu/libnss_nis-2.19.so
7fa4eb9ae000-7fa4eb9af000 r--p 0000a000 08:01 1852375                    /lib/x86_64-linux-gnu/libnss_nis-2.19.so
7fa4eb9af000-7fa4eb9b0000 rw-p 0000b000 08:01 1852375                    /lib/x86_64-linux-gnu/libnss_nis-2.19.so
7fa4eb9b0000-7fa4eb9c7000 r-xp 00000000 08:01 1852388                    /lib/x86_64-linux-gnu/libnsl-2.19.so
7fa4eb9c7000-7fa4ebbc6000 ---p 00017000 08:01 1852388                    /lib/x86_64-linux-gnu/libnsl-2.19.so
7fa4ebbc6000-7fa4ebbc7000 r--p 00016000 08:01 1852388                    /lib/x86_64-linux-gnu/libnsl-2.19.so
7fa4ebbc7000-7fa4ebbc8000 rw-p 00017000 08:01 1852388                    /lib/x86_64-linux-gnu/libnsl-2.19.so
7fa4ebbc8000-7fa4ebbca000 rw-p 00000000 00:00 0 
7fa4ebbca000-7fa4ebbd3000 r-xp 00000000 08:01 1852377                    /lib/x86_64-linux-gnu/libnss_compat-2.19.so
7fa4ebbd3000-7fa4ebdd2000 ---p 00009000 08:01 1852377                    /lib/x86_64-linux-gnu/libnss_compat-2.19.so
7fa4ebdd2000-7fa4ebdd3000 r--p 00008000 08:01 1852377                    /lib/x86_64-linux-gnu/libnss_compat-2.19.so
7fa4ebdd3000-7fa4ebdd4000 rw-p 00009000 08:01 1852377                    /lib/x86_64-linux-gnu/libnss_compat-2.19.so
7fa4ebdd4000-7fa4ebdff000 r-xp 00000000 08:01 3015995                    /usr/lib/jvm/java-8-oracle/jre/lib/amd64/libjava.so
7fa4ebdff000-7fa4ebffe000 ---p 0002b000 08:01 3015995                    /usr/lib/jvm/java-8-oracle/jre/lib/amd64/libjava.so
7fa4ebffe000-7fa4ec000000 rw-p 0002a000 08:01 3015995                    /usr/lib/jvm/java-8-oracle/jre/lib/amd64/libjava.so
7fa4ec000000-7fa4ec814000 rw-p 00000000 00:00 0 
7fa4ec814000-7fa4f0000000 ---p 00000000 00:00 0 
7fa4f0000000-7fa4f0002000 r--s 00015000 08:01 1612332                    /home/manoj/.gradle/caches/modules-2/files-2.1/org.eclipse.jetty/jetty-servlets/9.4.7.v20170914/a0b1f50faf6ea178e4e1b46072794ebbb4c682e9/jetty-servlets-9.4.7.v20170914.jar
7fa4f0002000-7fa4f0009000 r--s 00041000 08:01 1603373                    /home/manoj/.gradle/caches/modules-2/files-2.1/org.springframework.data/spring-data-jpa/1.11.9.RELEASE/64c80f12361d5b74cf98a3433b59a5c961d78d38/spring-data-jpa-1.11.9.RELEASE.jar
7fa4f0009000-7fa4f0010000 r--s 0009f000 08:01 1603479                    /home/manoj/.gradle/caches/modules-2/files-2.1/org.postgresql/postgresql/9.4.1212.jre7/7101612950488be0ff6882bcc27aa0f0a4c202dd/postgresql-9.4.1212.jre7.jar
7fa4f0010000-7fa4f0016000 r--s 0002f000 08:01 1603478                    /home/manoj/.gradle/caches/modules-2/files-2.1/org.springframework.boot/spring-boot-devtools/1.5.9.RELEASE/8908280f33c65ffa21789020e7a37d46a798d445/spring-boot-devtools-1.5.9.RELEASE.jar
7fa4f0016000-7fa4f001d000 r--s 00048000 08:01 1613010                    /home/manoj/.gradle/caches/modules-2/files-2.1/org.apache.httpcomponents/httpcore/4.4.1/f5aa318bda4c6c8d688c9d00b90681dcd82ce636/httpcore-4.4.1.jar
7fa4f001d000-7fa4f00e2000 rw-p 00000000 00:00 0 
7fa4f00e2000-7fa4f00e3000 ---p 00000000 00:00 0 
7fa4f00e3000-7fa4f01e3000 rw-p 00000000 00:00 0                          [stack:22155]
7fa4f01e3000-7fa4f01f0000 r-xp 00000000 08:01 3015989                    /usr/lib/jvm/java-8-oracle/jre/lib/amd64/libverify.so
7fa4f01f0000-7fa4f03f0000 ---p 0000d000 08:01 3015989                    /usr/lib/jvm/java-8-oracle/jre/lib/amd64/libverify.so
7fa4f03f0000-7fa4f03f2000 rw-p 0000d000 08:01 3015989                    /usr/lib/jvm/java-8-oracle/jre/lib/amd64/libverify.so
7fa4f03f2000-7fa4f03f9000 r-xp 00000000 08:01 1852386                    /lib/x86_64-linux-gnu/librt-2.19.so
7fa4f03f9000-7fa4f05f8000 ---p 00007000 08:01 1852386                    /lib/x86_64-linux-gnu/librt-2.19.so
7fa4f05f8000-7fa4f05f9000 r--p 00006000 08:01 1852386                    /lib/x86_64-linux-gnu/librt-2.19.so
7fa4f05f9000-7fa4f05fa000 rw-p 00007000 08:01 1852386                    /lib/x86_64-linux-gnu/librt-2.19.so
7fa4f05fa000-7fa4f06ff000 r-xp 00000000 08:01 1852379                    /lib/x86_64-linux-gnu/libm-2.19.so
7fa4f06ff000-7fa4f08fe000 ---p 00105000 08:01 1852379                    /lib/x86_64-linux-gnu/libm-2.19.so
7fa4f08fe000-7fa4f08ff000 r--p 00104000 08:01 1852379                    /lib/x86_64-linux-gnu/libm-2.19.so
7fa4f08ff000-7fa4f0900000 rw-p 00105000 08:01 1852379                    /lib/x86_64-linux-gnu/libm-2.19.so
7fa4f0900000-7fa4f15d9000 r-xp 00000000 08:01 3016021                    /usr/lib/jvm/java-8-oracle/jre/lib/amd64/server/libjvm.so
7fa4f15d9000-7fa4f17d8000 ---p 00cd9000 08:01 3016021                    /usr/lib/jvm/java-8-oracle/jre/lib/amd64/server/libjvm.so
7fa4f17d8000-7fa4f18b1000 rw-p 00cd8000 08:01 3016021                    /usr/lib/jvm/java-8-oracle/jre/lib/amd64/server/libjvm.so
7fa4f18b1000-7fa4f18fd000 rw-p 00000000 00:00 0 
7fa4f18fd000-7fa4f1abb000 r-xp 00000000 08:01 1852393                    /lib/x86_64-linux-gnu/libc-2.19.so
7fa4f1abb000-7fa4f1cbb000 ---p 001be000 08:01 1852393                    /lib/x86_64-linux-gnu/libc-2.19.so
7fa4f1cbb000-7fa4f1cbf000 r--p 001be000 08:01 1852393                    /lib/x86_64-linux-gnu/libc-2.19.so
7fa4f1cbf000-7fa4f1cc1000 rw-p 001c2000 08:01 1852393                    /lib/x86_64-linux-gnu/libc-2.19.so
7fa4f1cc1000-7fa4f1cc6000 rw-p 00000000 00:00 0 
7fa4f1cc6000-7fa4f1cc9000 r-xp 00000000 08:01 1852389                    /lib/x86_64-linux-gnu/libdl-2.19.so
7fa4f1cc9000-7fa4f1ec8000 ---p 00003000 08:01 1852389                    /lib/x86_64-linux-gnu/libdl-2.19.so
7fa4f1ec8000-7fa4f1ec9000 r--p 00002000 08:01 1852389                    /lib/x86_64-linux-gnu/libdl-2.19.so
7fa4f1ec9000-7fa4f1eca000 rw-p 00003000 08:01 1852389                    /lib/x86_64-linux-gnu/libdl-2.19.so
7fa4f1eca000-7fa4f1ee0000 r-xp 00000000 08:01 2234807                    /usr/lib/jvm/java-8-oracle/lib/amd64/jli/libjli.so
7fa4f1ee0000-7fa4f20df000 ---p 00016000 08:01 2234807                    /usr/lib/jvm/java-8-oracle/lib/amd64/jli/libjli.so
7fa4f20df000-7fa4f20e0000 rw-p 00015000 08:01 2234807                    /usr/lib/jvm/java-8-oracle/lib/amd64/jli/libjli.so
7fa4f20e0000-7fa4f20f9000 r-xp 00000000 08:01 1852385                    /lib/x86_64-linux-gnu/libpthread-2.19.so
7fa4f20f9000-7fa4f22f8000 ---p 00019000 08:01 1852385                    /lib/x86_64-linux-gnu/libpthread-2.19.so
7fa4f22f8000-7fa4f22f9000 r--p 00018000 08:01 1852385                    /lib/x86_64-linux-gnu/libpthread-2.19.so
7fa4f22f9000-7fa4f22fa000 rw-p 00019000 08:01 1852385                    /lib/x86_64-linux-gnu/libpthread-2.19.so
7fa4f22fa000-7fa4f22fe000 rw-p 00000000 00:00 0 
7fa4f22fe000-7fa4f2321000 r-xp 00000000 08:01 1852382                    /lib/x86_64-linux-gnu/ld-2.19.so
7fa4f2321000-7fa4f2322000 r--s 00008000 08:01 1612396                    /home/manoj/.gradle/caches/modules-2/files-2.1/org.eclipse.jetty.websocket/javax-websocket-server-impl/9.4.7.v20170914/45e2d7106f87f7950928447b7124e07e68b3f9a3/javax-websocket-server-impl-9.4.7.v20170914.jar
7fa4f2322000-7fa4f232f000 r--s 000a5000 08:01 1613009                    /home/manoj/.gradle/caches/modules-2/files-2.1/org.apache.httpcomponents/httpclient/4.5/a1e6cbb3cc2c5f210dd1310ff9fcb2c09c0d1438/httpclient-4.5.jar
7fa4f232f000-7fa4f2338000 r--s 00055000 08:01 1612323                    /home/manoj/.gradle/caches/modules-2/files-2.1/org.flywaydb/flyway-core/4.1.2/b432d0d994cc69a72a00e4bf57e6a1e01c561ceb/flyway-core-4.1.2.jar
7fa4f2338000-7fa4f2404000 rw-p 00000000 00:00 0 
7fa4f2404000-7fa4f2407000 ---p 00000000 00:00 0 
7fa4f2407000-7fa4f250a000 rw-p 00000000 00:00 0                          [stack:22151]
7fa4f250a000-7fa4f250b000 r--s 00004000 08:01 1603417                    /home/manoj/.gradle/caches/modules-2/files-2.1/org.springframework.plugin/spring-plugin-core/1.2.0.RELEASE/f380e7760032e7d929184f8ad8a33716b75c0657/spring-plugin-core-1.2.0.RELEASE.jar
7fa4f250b000-7fa4f250c000 r--s 00000000 08:01 1603384                    /home/manoj/.gradle/caches/modules-2/files-2.1/org.springframework.boot/spring-boot-starter-logging/1.5.9.RELEASE/30fd62a1ce9639759d90d49608501082314c1628/spring-boot-starter-logging-1.5.9.RELEASE.jar
7fa4f250c000-7fa4f250f000 r--s 00022000 08:01 1612424                    /home/manoj/.gradle/caches/modules-2/files-2.1/io.sentry/sentry/1.5.4/6c7504144aa7f9e39bd53dff5ef710805274e0b1/sentry-1.5.4.jar
7fa4f250f000-7fa4f2510000 r--s 00000000 08:01 1612330                    /home/manoj/.gradle/caches/modules-2/files-2.1/org.springframework.boot/spring-boot-starter-jetty/1.5.9.RELEASE/4e4b62d65f1007235b3a9c32403dd610dfe5592/spring-boot-starter-jetty-1.5.9.RELEASE.jar
7fa4f2510000-7fa4f2511000 r--s 00000000 08:01 1603367                    /home/manoj/.gradle/caches/modules-2/files-2.1/org.springframework.boot/spring-boot-starter/1.5.9.RELEASE/6bfb34db2715ee86c6e2337fa145650588b4b1b3/spring-boot-starter-1.5.9.RELEASE.jar
7fa4f2511000-7fa4f2512000 r--s 00000000 08:01 1603369                    /home/manoj/.gradle/caches/modules-2/files-2.1/org.springframework.boot/spring-boot-starter-jdbc/1.5.9.RELEASE/6769ecea55e952afb64f17975638c5afd1e59ef3/spring-boot-starter-jdbc-1.5.9.RELEASE.jar
7fa4f2512000-7fa4f2513000 r--s 00000000 08:01 1603368                    /home/manoj/.gradle/caches/modules-2/files-2.1/org.springframework.boot/spring-boot-starter-aop/1.5.9.RELEASE/fab419df8d7a13968a51ebfcbcad7ef320d66184/spring-boot-starter-aop-1.5.9.RELEASE.jar
7fa4f2513000-7fa4f2514000 r--s 00000000 08:01 1603366                    /home/manoj/.gradle/caches/modules-2/files-2.1/org.springframework.boot/spring-boot-starter-web/1.5.9.RELEASE/bda9733d5e6ba6d1a97deead1738713dc0631b3e/spring-boot-starter-web-1.5.9.RELEASE.jar
7fa4f2514000-7fa4f2515000 r--s 00000000 08:01 1603365                    /home/manoj/.gradle/caches/modules-2/files-2.1/org.springframework.boot/spring-boot-starter-data-rest/1.5.9.RELEASE/1ebd3bb10019799849d51c49c7d8d3249d43e618/spring-boot-starter-data-rest-1.5.9.RELEASE.jar
7fa4f2515000-7fa4f2516000 r--s 00000000 08:01 1603364                    /home/manoj/.gradle/caches/modules-2/files-2.1/org.springframework.boot/spring-boot-starter-data-jpa/1.5.9.RELEASE/8628320876aa12cc406216523effe954fbd354c0/spring-boot-starter-data-jpa-1.5.9.RELEASE.jar
7fa4f2516000-7fa4f251e000 rw-s 00000000 08:01 1614258                    /tmp/hsperfdata_manoj/22149
7fa4f251e000-7fa4f251f000 rw-p 00000000 00:00 0 
7fa4f251f000-7fa4f2520000 ---p 00000000 00:00 0 
7fa4f2520000-7fa4f2521000 r--p 00022000 08:01 1852382                    /lib/x86_64-linux-gnu/ld-2.19.so
7fa4f2521000-7fa4f2522000 rw-p 00023000 08:01 1852382                    /lib/x86_64-linux-gnu/ld-2.19.so
7fa4f2522000-7fa4f2523000 rw-p 00000000 00:00 0 
7fff8e043000-7fff8e068000 rw-p 00000000 00:00 0                          [stack]
7fff8e173000-7fff8e175000 r-xp 00000000 00:00 0                          [vdso]
7fff8e175000-7fff8e177000 r--p 00000000 00:00 0                          [vvar]
ffffffffff600000-ffffffffff601000 r-xp 00000000 00:00 0                  [vsyscall]

VM Arguments:
jvm_args: -Dfile.encoding=UTF-8 -Duser.country=IN -Duser.language=en -Duser.variant 
java_command: com.aconex.FaceRecognition.FaceRecognitionApplication
java_class_path (initial): /home/manoj/Documents/Projects/Face-App/build/classes/java/main:/home/manoj/Documents/Projects/Face-App/build/classes/groovy/main:/home/manoj/Documents/Projects/Face-App/build/resources/main:/home/manoj/.gradle/caches/modules-2/files-2.1/org.springframework.boot/spring-boot-starter-data-jpa/1.5.9.RELEASE/8628320876aa12cc406216523effe954fbd354c0/spring-boot-starter-data-jpa-1.5.9.RELEASE.jar:/home/manoj/.gradle/caches/modules-2/files-2.1/org.springframework.boot/spring-boot-starter-data-rest/1.5.9.RELEASE/1ebd3bb10019799849d51c49c7d8d3249d43e618/spring-boot-starter-data-rest-1.5.9.RELEASE.jar:/home/manoj/.gradle/caches/modules-2/files-2.1/org.springframework.boot/spring-boot-starter-web/1.5.9.RELEASE/bda9733d5e6ba6d1a97deead1738713dc0631b3e/spring-boot-starter-web-1.5.9.RELEASE.jar:/home/manoj/.gradle/caches/modules-2/files-2.1/org.springframework.boot/spring-boot-starter-aop/1.5.9.RELEASE/fab419df8d7a13968a51ebfcbcad7ef320d66184/spring-boot-starter-aop-1.5.9.RELEASE.jar:/home/manoj/.gradle/caches/modules-2/files-2.1/org.springframework.boot/spring-boot-starter-jdbc/1.5.9.RELEASE/6769ecea55e952afb64f17975638c5afd1e59ef3/spring-boot-starter-jdbc-1.5.9.RELEASE.jar:/home/manoj/.gradle/caches/modules-2/files-2.1/org.springframework.boot/spring-boot-starter/1.5.9.RELEASE/6bfb34db2715ee86c6e2337fa145650588b4b1b3/spring-boot-starter-1.5.9.RELEASE.jar:/home/manoj/.gradle/caches/modules-2/files-2.1/org.springframework.boot/spring-boot-starter-jetty/1.5.9.RELEASE/4e4b62d65f1007235b3a9c32403dd610dfe5592/spring-boot-starter-jetty-1.5.9.RELEASE.jar:/home/manoj/.gradle/caches/modules-2/files-2.1/org.flywaydb/flyway-core/4.1.2/b432d0d994cc69a72a00e4bf57e6a1e01c561ceb/flyway-core-4.1.2.jar:/home/manoj/.gradle/caches/modules-2/files-2.1/io.sentry/sentry/1.5.4/6c7504144aa7f9e39bd53dff5ef710805274e0b1/sentry-1.5.4.jar:/home/manoj/.gradle/caches/modules-2/files-2.1/org.apache.httpcomponents/httpclient/4.5/a1e6cbb3cc2c5f210dd1310ff9fcb2c09c0d1438/httpclient-4
Launcher Type: SUN_STANDARD

Environment Variables:
JAVA_HOME=/usr/lib/jvm/java-8-oracle
PATH=/usr/local/sbin:/usr/local/bin:/usr/sbin:/usr/bin:/sbin:/bin:/usr/games:/usr/local/games:/usr/lib/jvm/java-8-oracle/bin:/usr/lib/jvm/java-8-oracle/db/bin:/usr/lib/jvm/java-8-oracle/jre/bin:/usr/lib/jvm/java-8-oracle/bin:/usr/lib/jvm/java-8-oracle/db/bin:/usr/lib/jvm/java-8-oracle/jre/bin
SHELL=/bin/bash
DISPLAY=:0

Signal Handlers:
SIGSEGV: [libjvm.so+0xad01e0], sa_mask[0]=11111111011111111101111111111110, sa_flags=SA_RESTART|SA_SIGINFO
SIGBUS: [libjvm.so+0xad01e0], sa_mask[0]=11111111011111111101111111111110, sa_flags=SA_RESTART|SA_SIGINFO
SIGFPE: [libjvm.so+0x927fb0], sa_mask[0]=11111111011111111101111111111110, sa_flags=SA_RESTART|SA_SIGINFO
SIGPIPE: [libjvm.so+0x927fb0], sa_mask[0]=11111111011111111101111111111110, sa_flags=SA_RESTART|SA_SIGINFO
SIGXFSZ: [libjvm.so+0x927fb0], sa_mask[0]=11111111011111111101111111111110, sa_flags=SA_RESTART|SA_SIGINFO
SIGILL: [libjvm.so+0x927fb0], sa_mask[0]=11111111011111111101111111111110, sa_flags=SA_RESTART|SA_SIGINFO
SIGUSR1: SIG_DFL, sa_mask[0]=00000000000000000000000000000000, sa_flags=none
SIGUSR2: [libjvm.so+0x9297f0], sa_mask[0]=00100000000000000000000000000000, sa_flags=SA_RESTART|SA_SIGINFO
SIGHUP: [libjvm.so+0x92abf0], sa_mask[0]=11111111011111111101111111111110, sa_flags=SA_RESTART|SA_SIGINFO
SIGINT: [libjvm.so+0x92abf0], sa_mask[0]=11111111011111111101111111111110, sa_flags=SA_RESTART|SA_SIGINFO
SIGTERM: [libjvm.so+0x92abf0], sa_mask[0]=11111111011111111101111111111110, sa_flags=SA_RESTART|SA_SIGINFO
SIGQUIT: [libjvm.so+0x92abf0], sa_mask[0]=11111111011111111101111111111110, sa_flags=SA_RESTART|SA_SIGINFO


---------------  S Y S T E M  ---------------

OS:DISTRIB_ID=Ubuntu
DISTRIB_RELEASE=14.04
DISTRIB_CODENAME=trusty
DISTRIB_DESCRIPTION="Ubuntu 14.04.5 LTS"

uname:Linux 3.16.0-77-generic #99~14.04.1-Ubuntu SMP Tue Jun 28 19:17:10 UTC 2016 x86_64
libc:glibc 2.19 NPTL 2.19 
rlimit: STACK 8192k, CORE 0k, NPROC 31853, NOFILE 4096, AS infinity
load average:2.90 2.93 2.88

/proc/meminfo:
MemTotal:        8176660 kB
MemFree:          138932 kB
MemAvailable:      85384 kB
Buffers:             512 kB
Cached:           102352 kB
SwapCached:            0 kB
Active:          7731200 kB
Inactive:          90412 kB
Active(anon):    7723056 kB
Inactive(anon):    81008 kB
Active(file):       8144 kB
Inactive(file):     9404 kB
Unevictable:          48 kB
Mlocked:              48 kB
SwapTotal:             0 kB
SwapFree:              0 kB
Dirty:               144 kB
Writeback:            76 kB
AnonPages:       7718716 kB
Mapped:            98020 kB
Shmem:             85408 kB
Slab:              75388 kB
SReclaimable:      44284 kB
SUnreclaim:        31104 kB
KernelStack:       14672 kB
PageTables:        56340 kB
NFS_Unstable:          0 kB
Bounce:                0 kB
WritebackTmp:          0 kB
CommitLimit:     4088328 kB
Committed_AS:   13470640 kB
VmallocTotal:   34359738367 kB
VmallocUsed:       81008 kB
VmallocChunk:   34359650248 kB
HardwareCorrupted:     0 kB
AnonHugePages:   4298752 kB
HugePages_Total:       0
HugePages_Free:        0
HugePages_Rsvd:        0
HugePages_Surp:        0
Hugepagesize:       2048 kB
DirectMap4k:       92096 kB
DirectMap2M:     8296448 kB


CPU:total 2 (initial active 2) (2 cores per cpu, 1 threads per core) family 6 model 78 stepping 3, cmov, cx8, fxsr, mmx, sse, sse2, sse3, ssse3, sse4.1, sse4.2, popcnt, avx, avx2, aes, clmul, 3dnowpref, lzcnt, tsc, tscinvbit

/proc/cpuinfo:
processor	: 0
vendor_id	: GenuineIntel
cpu family	: 6
model		: 78
model name	: Intel(R) Core(TM) i5-6300U CPU @ 2.40GHz
stepping	: 3
cpu MHz		: 2496.000
cache size	: 3072 KB
physical id	: 0
siblings	: 2
core id		: 0
cpu cores	: 2
apicid		: 0
initial apicid	: 0
fpu		: yes
fpu_exception	: yes
cpuid level	: 22
wp		: yes
flags		: fpu vme de pse tsc msr pae mce cx8 apic sep mtrr pge mca cmov pat pse36 clflush mmx fxsr sse sse2 ht syscall nx rdtscp lm constant_tsc rep_good nopl xtopology nonstop_tsc pni pclmulqdq ssse3 cx16 sse4_1 sse4_2 x2apic movbe popcnt aes xsave avx rdrand hypervisor lahf_lm abm 3dnowprefetch avx2 rdseed clflushopt
bogomips	: 4992.00
clflush size	: 64
cache_alignment	: 64
address sizes	: 39 bits physical, 48 bits virtual
power management:

processor	: 1
vendor_id	: GenuineIntel
cpu family	: 6
model		: 78
model name	: Intel(R) Core(TM) i5-6300U CPU @ 2.40GHz
stepping	: 3
cpu MHz		: 2496.000
cache size	: 3072 KB
physical id	: 0
siblings	: 2
core id		: 1
cpu cores	: 2
apicid		: 1
initial apicid	: 1
fpu		: yes
fpu_exception	: yes
cpuid level	: 22
wp		: yes
flags		: fpu vme de pse tsc msr pae mce cx8 apic sep mtrr pge mca cmov pat pse36 clflush mmx fxsr sse sse2 ht syscall nx rdtscp lm constant_tsc rep_good nopl xtopology nonstop_tsc pni pclmulqdq ssse3 cx16 sse4_1 sse4_2 x2apic movbe popcnt aes xsave avx rdrand hypervisor lahf_lm abm 3dnowprefetch avx2 rdseed clflushopt
bogomips	: 4992.00
clflush size	: 64
cache_alignment	: 64
address sizes	: 39 bits physical, 48 bits virtual
power management:



Memory: 4k page, physical 8176660k(138480k free), swap 0k(0k free)

vm_info: Java HotSpot(TM) 64-Bit Server VM (25.161-b12) for linux-amd64 JRE (1.8.0_161-b12), built on Dec 19 2017 16:12:43 by "java_re" with gcc 4.3.0 20080428 (Red Hat 4.3.0-8)

time: Wed Jan 31 12:48:51 2018
elapsed time: 25 seconds (0d 0h 0m 25s)

