#
# There is insufficient memory for the Java Runtime Environment to continue.
# Native memory allocation (mmap) failed to map 178782208 bytes for committing reserved memory.
# Possible reasons:
#   The system is out of physical RAM or swap space
#   In 32 bit mode, the process size limit was hit
# Possible solutions:
#   Reduce memory load on the system
#   Increase physical memory or swap space
#   Check if swap backing store is full
#   Use 64 bit Java on a 64 bit OS
#   Decrease Java heap size (-Xmx/-Xms)
#   Decrease number of Java threads
#   Decrease Java thread stack sizes (-Xss)
#   Set larger code cache with -XX:ReservedCodeCacheSize=
# This output file may be truncated or incomplete.
#
#  Out of Memory Error (os_linux.cpp:2640), pid=24522, tid=0x00007f97b4404700
#
# JRE version: Java(TM) SE Runtime Environment (8.0_161-b12) (build 1.8.0_161-b12)
# Java VM: Java HotSpot(TM) 64-Bit Server VM (25.161-b12 mixed mode linux-amd64 compressed oops)
# Failed to write core dump. Core dumps have been disabled. To enable core dumping, try "ulimit -c unlimited" before starting Java again
#

---------------  T H R E A D  ---------------

Current thread (0x00007f97b007c000):  VMThread [stack: 0x00007f97b4304000,0x00007f97b4405000] [id=24531]

Stack: [0x00007f97b4304000,0x00007f97b4405000],  sp=0x00007f97b44032e0,  free space=1020k
Native frames: (J=compiled Java code, j=interpreted, Vv=VM code, C=native code)
V  [libjvm.so+0xacf94a]  VMError::report_and_die()+0x2ba
V  [libjvm.so+0x50050b]  report_vm_out_of_memory(char const*, int, unsigned long, VMErrorType, char const*)+0x8b
V  [libjvm.so+0x92b133]  os::Linux::commit_memory_impl(char*, unsigned long, bool)+0x103
V  [libjvm.so+0x92b5c9]  os::pd_commit_memory(char*, unsigned long, unsigned long, bool)+0x29
V  [libjvm.so+0x924c0a]  os::commit_memory(char*, unsigned long, unsigned long, bool)+0x2a
V  [libjvm.so+0x99ab53]  PSVirtualSpace::expand_by(unsigned long)+0x53
V  [libjvm.so+0x99bf58]  PSYoungGen::resize_generation(unsigned long, unsigned long)+0xf8
V  [libjvm.so+0x99b0b2]  PSYoungGen::resize(unsigned long, unsigned long)+0x22
V  [libjvm.so+0x99838b]  PSScavenge::invoke_no_policy()+0xf3b
V  [libjvm.so+0x998b11]  PSScavenge::invoke()+0x41
V  [libjvm.so+0x94f5a0]  ParallelScavengeHeap::failed_mem_allocate(unsigned long)+0x70
V  [libjvm.so+0xad13c7]  VM_ParallelGCFailedAllocation::doit()+0x97
V  [libjvm.so+0xad8ed5]  VM_Operation::evaluate()+0x55
V  [libjvm.so+0xad729a]  VMThread::evaluate_operation(VM_Operation*)+0xba
V  [libjvm.so+0xad761e]  VMThread::loop()+0x1ce
V  [libjvm.so+0xad7a90]  VMThread::run()+0x70
V  [libjvm.so+0x92da28]  java_start(Thread*)+0x108

VM_Operation (0x00007f976d1cec60): ParallelGCFailedAllocation, mode: safepoint, requested by thread 0x00007f9768c44800


---------------  P R O C E S S  ---------------

Java Threads: ( => current thread )
  0x00007f97b0012000 JavaThread "DestroyJavaVM" [_thread_blocked, id=24524, stack(0x00007f97b96bd000,0x00007f97b97be000)]
  0x00007f9768a18800 JavaThread "Live Reload Server" daemon [_thread_in_native, id=24575, stack(0x00007f976cece000,0x00007f976cfcf000)]
  0x00007f9768c44800 JavaThread "File Watcher" daemon [_thread_blocked, id=24573, stack(0x00007f976d0d0000,0x00007f976d1d1000)]
  0x00007f97689a7000 JavaThread "Tomcat JDBC Pool Cleaner[1704856573:1517216209516]" daemon [_thread_blocked, id=24560, stack(0x00007f976dbd1000,0x00007f976dcd2000)]
  0x00007f976892f000 JavaThread "Scheduler-811833325" [_thread_blocked, id=24559, stack(0x00007f976ded2000,0x00007f976dfd3000)]
  0x00007f97688d8000 JavaThread "qtp292863640-21" [_thread_blocked, id=24558, stack(0x00007f976dfd3000,0x00007f976e0d4000)]
  0x00007f97688d6000 JavaThread "qtp292863640-20" [_thread_blocked, id=24557, stack(0x00007f976e0d4000,0x00007f976e1d5000)]
  0x00007f97688d4000 JavaThread "qtp292863640-19" [_thread_blocked, id=24556, stack(0x00007f976e1d5000,0x00007f976e2d6000)]
  0x00007f97688d2800 JavaThread "qtp292863640-18" [_thread_blocked, id=24555, stack(0x00007f976e2d6000,0x00007f976e3d7000)]
  0x00007f97688d0800 JavaThread "qtp292863640-17" [_thread_blocked, id=24554, stack(0x00007f976e3d7000,0x00007f976e4d8000)]
  0x00007f97688cf800 JavaThread "qtp292863640-16" [_thread_blocked, id=24553, stack(0x00007f976ebcd000,0x00007f976ecce000)]
  0x00007f97688cf000 JavaThread "qtp292863640-15-acceptor-0@2db4b448-ServerConnector@1e234a05{HTTP/1.1,[http/1.1]}{0.0.0.0:8080}" [_thread_in_native, id=24552, stack(0x00007f976f4df000,0x00007f976f5e0000)]
  0x00007f97688cd800 JavaThread "qtp292863640-14" [_thread_in_native, id=24551, stack(0x00007f979c090000,0x00007f979c191000)]
  0x00007f97b00cc800 JavaThread "Service Thread" daemon [_thread_blocked, id=24537, stack(0x00007f979c7bb000,0x00007f979c8bc000)]
  0x00007f97b00bf800 JavaThread "C1 CompilerThread1" daemon [_thread_blocked, id=24536, stack(0x00007f979c8bc000,0x00007f979c9bd000)]
  0x00007f97b00bc800 JavaThread "C2 CompilerThread0" daemon [_thread_blocked, id=24535, stack(0x00007f979c9bd000,0x00007f979cabe000)]
  0x00007f97b00bb000 JavaThread "Signal Dispatcher" daemon [_thread_blocked, id=24534, stack(0x00007f97b4001000,0x00007f97b4102000)]
  0x00007f97b0088000 JavaThread "Finalizer" daemon [_thread_blocked, id=24533, stack(0x00007f97b4102000,0x00007f97b4203000)]
  0x00007f97b0083800 JavaThread "Reference Handler" daemon [_thread_blocked, id=24532, stack(0x00007f97b4203000,0x00007f97b4304000)]

Other Threads:
=>0x00007f97b007c000 VMThread [stack: 0x00007f97b4304000,0x00007f97b4405000] [id=24531]
  0x00007f97b00d1800 WatcherThread [stack: 0x00007f979c6ba000,0x00007f979c7bb000] [id=24538]

VM state:at safepoint (normal execution)

VM Mutex/Monitor currently owned by a thread:  ([mutex/lock_event])
[0x00007f97b000e6a0] Threads_lock - owner thread: 0x00007f97b007c000
[0x00007f97b000eba0] Heap_lock - owner thread: 0x00007f9768c44800

Heap:
 PSYoungGen      total 397312K, used 8537K [0x00000000d6700000, 0x00000000f0080000, 0x0000000100000000)
  eden space 381440K, 0% used [0x00000000d6700000,0x00000000d6700000,0x00000000edb80000)
  from space 15872K, 53% used [0x00000000edb80000,0x00000000ee3d6638,0x00000000eeb00000)
  to   space 13312K, 0% used [0x00000000eeb00000,0x00000000eeb00000,0x00000000ef800000)
 ParOldGen       total 65536K, used 30369K [0x0000000083400000, 0x0000000087400000, 0x00000000d6700000)
  object space 65536K, 46% used [0x0000000083400000,0x00000000851a8570,0x0000000087400000)
 Metaspace       used 42697K, capacity 43262K, committed 43648K, reserved 1087488K
  class space    used 5593K, capacity 5758K, committed 5760K, reserved 1048576K

Card table byte_map: [0x00007f97b6070000,0x00007f97b6457000] byte_map_base: 0x00007f97b5c56000

Marking Bits: (ParMarkBitMap*) 0x00007f97b8b86920
 Begin Bits: [0x00007f979d1a0000, 0x00007f979f0d0000)
 End Bits:   [0x00007f979f0d0000, 0x00007f97a1000000)

Polling page: 0x00007f97b97d6000

CodeCache: size=245760Kb used=13231Kb max_used=13259Kb free=232528Kb
 bounds [0x00007f97a1000000, 0x00007f97a1d10000, 0x00007f97b0000000]
 total_blobs=4266 nmethods=3805 adapters=374
 compilation: enabled

Compilation events (10 events):
Event: 28.676 Thread 0x00007f97b00bc800 4199       4       java.io.File::listFiles (52 bytes)
Event: 28.704 Thread 0x00007f97b00bc800 nmethod 4199 0x00007f97a1a06e10 code [0x00007f97a1a06fe0, 0x00007f97a1a07ac8]
Event: 28.704 Thread 0x00007f97b00bc800 4200       4       org.springframework.boot.devtools.filewatch.FolderSnapshot::collectFiles (99 bytes)
Event: 29.001 Thread 0x00007f97b00bc800 nmethod 4200 0x00007f97a1cf9bd0 code [0x00007f97a1cfa180, 0x00007f97a1cfef98]
Event: 33.040 Thread 0x00007f97b00bf800 4201 %     3       java.util.AbstractCollection::containsAll @ 7 (38 bytes)
Event: 33.077 Thread 0x00007f97b00bf800 nmethod 4201% 0x00007f97a18a3890 code [0x00007f97a18a3a40, 0x00007f97a18a3ff8]
Event: 37.882 Thread 0x00007f97b00bf800 4202       3       java.util.AbstractCollection::containsAll (38 bytes)
Event: 37.896 Thread 0x00007f97b00bf800 nmethod 4202 0x00007f97a1a08e10 code [0x00007f97a1a08fc0, 0x00007f97a1a09518]
Event: 43.337 Thread 0x00007f97b00bc800 4203 %     4       java.util.AbstractCollection::containsAll @ 7 (38 bytes)
Event: 43.396 Thread 0x00007f97b00bc800 nmethod 4203% 0x00007f97a19fda50 code [0x00007f97a19fdc40, 0x00007f97a19fe6b8]

GC Heap History (10 events):
Event: 6.399 GC heap after
Heap after GC invocations=8 (full 1):
 PSYoungGen      total 139776K, used 0K [0x00000000d6700000, 0x00000000e7800000, 0x0000000100000000)
  eden space 130048K, 0% used [0x00000000d6700000,0x00000000d6700000,0x00000000de600000)
  from space 9728K, 0% used [0x00000000de600000,0x00000000de600000,0x00000000def80000)
  to   space 9728K, 0% used [0x00000000e6e80000,0x00000000e6e80000,0x00000000e7800000)
 ParOldGen       total 45056K, used 6637K [0x0000000083400000, 0x0000000086000000, 0x00000000d6700000)
  object space 45056K, 14% used [0x0000000083400000,0x0000000083a7b488,0x0000000086000000)
 Metaspace       used 20980K, capacity 21182K, committed 21296K, reserved 1069056K
  class space    used 2555K, capacity 2637K, committed 2688K, reserved 1048576K
}
Event: 9.575 GC heap before
{Heap before GC invocations=9 (full 1):
 PSYoungGen      total 139776K, used 130048K [0x00000000d6700000, 0x00000000e7800000, 0x0000000100000000)
  eden space 130048K, 100% used [0x00000000d6700000,0x00000000de600000,0x00000000de600000)
  from space 9728K, 0% used [0x00000000de600000,0x00000000de600000,0x00000000def80000)
  to   space 9728K, 0% used [0x00000000e6e80000,0x00000000e6e80000,0x00000000e7800000)
 ParOldGen       total 45056K, used 6637K [0x0000000083400000, 0x0000000086000000, 0x00000000d6700000)
  object space 45056K, 14% used [0x0000000083400000,0x0000000083a7b488,0x0000000086000000)
 Metaspace       used 26427K, capacity 26834K, committed 27008K, reserved 1073152K
  class space    used 3288K, capacity 3392K, committed 3456K, reserved 1048576K
Event: 9.599 GC heap after
Heap after GC invocations=9 (full 1):
 PSYoungGen      total 258048K, used 8442K [0x00000000d6700000, 0x00000000e7700000, 0x0000000100000000)
  eden space 249344K, 0% used [0x00000000d6700000,0x00000000d6700000,0x00000000e5a80000)
  from space 8704K, 96% used [0x00000000e6e80000,0x00000000e76bea58,0x00000000e7700000)
  to   space 10240K, 0% used [0x00000000e6300000,0x00000000e6300000,0x00000000e6d00000)
 ParOldGen       total 45056K, used 6645K [0x0000000083400000, 0x0000000086000000, 0x00000000d6700000)
  object space 45056K, 14% used [0x0000000083400000,0x0000000083a7d488,0x0000000086000000)
 Metaspace       used 26427K, capacity 26834K, committed 27008K, reserved 1073152K
  class space    used 3288K, capacity 3392K, committed 3456K, reserved 1048576K
}
Event: 11.749 GC heap before
{Heap before GC invocations=10 (full 1):
 PSYoungGen      total 258048K, used 185132K [0x00000000d6700000, 0x00000000e7700000, 0x0000000100000000)
  eden space 249344K, 70% used [0x00000000d6700000,0x00000000e138c690,0x00000000e5a80000)
  from space 8704K, 96% used [0x00000000e6e80000,0x00000000e76bea58,0x00000000e7700000)
  to   space 10240K, 0% used [0x00000000e6300000,0x00000000e6300000,0x00000000e6d00000)
 ParOldGen       total 45056K, used 6645K [0x0000000083400000, 0x0000000086000000, 0x00000000d6700000)
  object space 45056K, 14% used [0x0000000083400000,0x0000000083a7d488,0x0000000086000000)
 Metaspace       used 34807K, capacity 35216K, committed 35496K, reserved 1081344K
  class space    used 4453K, capacity 4571K, committed 4608K, reserved 1048576K
Event: 11.801 GC heap after
Heap after GC invocations=10 (full 1):
 PSYoungGen      total 268288K, used 10214K [0x00000000d6700000, 0x00000000ef800000, 0x0000000100000000)
  eden space 258048K, 0% used [0x00000000d6700000,0x00000000d6700000,0x00000000e6300000)
  from space 10240K, 99% used [0x00000000e6300000,0x00000000e6cf9a58,0x00000000e6d00000)
  to   space 13312K, 0% used [0x00000000eeb00000,0x00000000eeb00000,0x00000000ef800000)
 ParOldGen       total 45056K, used 11385K [0x0000000083400000, 0x0000000086000000, 0x00000000d6700000)
  object space 45056K, 25% used [0x0000000083400000,0x0000000083f1e670,0x0000000086000000)
 Metaspace       used 34807K, capacity 35216K, committed 35496K, reserved 1081344K
  class space    used 4453K, capacity 4571K, committed 4608K, reserved 1048576K
}
Event: 11.801 GC heap before
{Heap before GC invocations=11 (full 2):
 PSYoungGen      total 268288K, used 10214K [0x00000000d6700000, 0x00000000ef800000, 0x0000000100000000)
  eden space 258048K, 0% used [0x00000000d6700000,0x00000000d6700000,0x00000000e6300000)
  from space 10240K, 99% used [0x00000000e6300000,0x00000000e6cf9a58,0x00000000e6d00000)
  to   space 13312K, 0% used [0x00000000eeb00000,0x00000000eeb00000,0x00000000ef800000)
 ParOldGen       total 45056K, used 11385K [0x0000000083400000, 0x0000000086000000, 0x00000000d6700000)
  object space 45056K, 25% used [0x0000000083400000,0x0000000083f1e670,0x0000000086000000)
 Metaspace       used 34807K, capacity 35216K, committed 35496K, reserved 1081344K
  class space    used 4453K, capacity 4571K, committed 4608K, reserved 1048576K
Event: 11.941 GC heap after
Heap after GC invocations=11 (full 2):
 PSYoungGen      total 268288K, used 0K [0x00000000d6700000, 0x00000000ef800000, 0x0000000100000000)
  eden space 258048K, 0% used [0x00000000d6700000,0x00000000d6700000,0x00000000e6300000)
  from space 10240K, 0% used [0x00000000e6300000,0x00000000e6300000,0x00000000e6d00000)
  to   space 13312K, 0% used [0x00000000eeb00000,0x00000000eeb00000,0x00000000ef800000)
 ParOldGen       total 65536K, used 20908K [0x0000000083400000, 0x0000000087400000, 0x00000000d6700000)
  object space 65536K, 31% used [0x0000000083400000,0x000000008486b268,0x0000000087400000)
 Metaspace       used 34807K, capacity 35216K, committed 35496K, reserved 1081344K
  class space    used 4453K, capacity 4571K, committed 4608K, reserved 1048576K
}
Event: 16.745 GC heap before
{Heap before GC invocations=12 (full 2):
 PSYoungGen      total 268288K, used 258048K [0x00000000d6700000, 0x00000000ef800000, 0x0000000100000000)
  eden space 258048K, 100% used [0x00000000d6700000,0x00000000e6300000,0x00000000e6300000)
  from space 10240K, 0% used [0x00000000e6300000,0x00000000e6300000,0x00000000e6d00000)
  to   space 13312K, 0% used [0x00000000eeb00000,0x00000000eeb00000,0x00000000ef800000)
 ParOldGen       total 65536K, used 20908K [0x0000000083400000, 0x0000000087400000, 0x00000000d6700000)
  object space 65536K, 31% used [0x0000000083400000,0x000000008486b268,0x0000000087400000)
 Metaspace       used 42005K, capacity 42480K, committed 42752K, reserved 1087488K
  class space    used 5499K, capacity 5625K, committed 5632K, reserved 1048576K
Event: 16.793 GC heap after
Heap after GC invocations=12 (full 2):
 PSYoungGen      total 394752K, used 13307K [0x00000000d6700000, 0x00000000f0080000, 0x0000000100000000)
  eden space 381440K, 0% used [0x00000000d6700000,0x00000000d6700000,0x00000000edb80000)
  from space 13312K, 99% used [0x00000000eeb00000,0x00000000ef7feef0,0x00000000ef800000)
  to   space 15872K, 0% used [0x00000000edb80000,0x00000000edb80000,0x00000000eeb00000)
 ParOldGen       total 65536K, used 22377K [0x0000000083400000, 0x0000000087400000, 0x00000000d6700000)
  object space 65536K, 34% used [0x0000000083400000,0x00000000849da4f0,0x0000000087400000)
 Metaspace       used 42005K, capacity 42480K, committed 42752K, reserved 1087488K
  class space    used 5499K, capacity 5625K, committed 5632K, reserved 1048576K
}
Event: 52.187 GC heap before
{Heap before GC invocations=13 (full 2):
 PSYoungGen      total 394752K, used 394747K [0x00000000d6700000, 0x00000000f0080000, 0x0000000100000000)
  eden space 381440K, 100% used [0x00000000d6700000,0x00000000edb80000,0x00000000edb80000)
  from space 13312K, 99% used [0x00000000eeb00000,0x00000000ef7feef0,0x00000000ef800000)
  to   space 15872K, 0% used [0x00000000edb80000,0x00000000edb80000,0x00000000eeb00000)
 ParOldGen       total 65536K, used 22377K [0x0000000083400000, 0x0000000087400000, 0x00000000d6700000)
  object space 65536K, 34% used [0x0000000083400000,0x00000000849da4f0,0x0000000087400000)
 Metaspace       used 42697K, capacity 43262K, committed 43648K, reserved 1087488K
  class space    used 5593K, capacity 5758K, committed 5760K, reserved 1048576K

Deoptimization events (10 events):
Event: 12.893 Thread 0x00007f9774002000 Uncommon trap: reason=array_check action=maybe_recompile pc=0x00007f97a1b99258 method=java.util.AbstractCollection.toArray([Ljava/lang/Object;)[Ljava/lang/Object; @ 119
Event: 13.090 Thread 0x00007f9774002000 Uncommon trap: reason=unstable_if action=reinterpret pc=0x00007f97a121bf04 method=java.util.concurrent.ConcurrentHashMap.putVal(Ljava/lang/Object;Ljava/lang/Object;Z)Ljava/lang/Object; @ 331
Event: 13.959 Thread 0x00007f9774002000 Uncommon trap: reason=unstable_if action=reinterpret pc=0x00007f97a14f9a5c method=java.util.concurrent.ConcurrentHashMap.transfer([Ljava/util/concurrent/ConcurrentHashMap$Node;[Ljava/util/concurrent/ConcurrentHashMap$Node;)V @ 356
Event: 14.182 Thread 0x00007f9774002000 Uncommon trap: reason=unstable_if action=reinterpret pc=0x00007f97a1c5262c method=org.springframework.asm.Frame.merge(Lorg/springframework/asm/ClassWriter;I[II)Z @ 80
Event: 14.182 Thread 0x00007f9774002000 Uncommon trap: reason=unstable_if action=reinterpret pc=0x00007f97a1b94a9c method=org.springframework.asm.Frame.merge(Lorg/springframework/asm/ClassWriter;I[II)Z @ 80
Event: 14.184 Thread 0x00007f9774002000 Uncommon trap: reason=range_check action=make_not_entrant pc=0x00007f97a1bf35f4 method=java.lang.String.charAt(I)C @ 27
Event: 14.207 Thread 0x00007f9774002000 Uncommon trap: reason=unstable_if action=reinterpret pc=0x00007f97a18e1eac method=org.springframework.asm.Type.getDescriptor(Ljava/lang/StringBuilder;Ljava/lang/Class;)V @ 39
Event: 16.271 Thread 0x00007f9774002000 Uncommon trap: reason=predicate action=maybe_recompile pc=0x00007f97a15554ac method=org.springframework.util.ReflectionUtils.doWithMethods(Ljava/lang/Class;Lorg/springframework/util/ReflectionUtils$MethodCallback;Lorg/springframework/util/ReflectionUtils$
Event: 16.279 Thread 0x00007f9774002000 Uncommon trap: reason=unstable_if action=reinterpret pc=0x00007f97a13cd524 method=java.lang.String.concat(Ljava/lang/String;)Ljava/lang/String; @ 6
Event: 22.136 Thread 0x00007f9774002000 Uncommon trap: reason=unstable_if action=reinterpret pc=0x00007f97a168213c method=org.springframework.util.ConcurrentReferenceHashMap$Segment.restructureIfNecessary(Z)V @ 33

Classes redefined (0 events):
No events

Internal exceptions (10 events):
Event: 21.157 Thread 0x00007f9774002000 Exception <a 'java/lang/ClassNotFoundException': org/springframework/web/servlet/theme/FixedThemeResolverCustomizer> (0x00000000db229400) thrown at [/HUDSON/workspace/8-2-build-linux-amd64/jdk8u161/10277/hotspot/src/share/vm/classfile/systemDictionary.cpp
Event: 21.160 Thread 0x00007f9774002000 Exception <a 'java/lang/ClassNotFoundException': org/springframework/web/servlet/ThemeResolverCustomizer> (0x00000000db2483c8) thrown at [/HUDSON/workspace/8-2-build-linux-amd64/jdk8u161/10277/hotspot/src/share/vm/classfile/systemDictionary.cpp, line 210]
Event: 21.193 Thread 0x00007f9774002000 Exception <a 'java/lang/ClassNotFoundException': org/springframework/web/servlet/view/DefaultRequestToViewNameTranslatorBeanInfo> (0x00000000db284058) thrown at [/HUDSON/workspace/8-2-build-linux-amd64/jdk8u161/10277/hotspot/src/share/vm/classfile/systemD
Event: 21.201 Thread 0x00007f9774002000 Exception <a 'java/lang/ClassNotFoundException': org/springframework/web/servlet/view/DefaultRequestToViewNameTranslatorCustomizer> (0x00000000db2a7558) thrown at [/HUDSON/workspace/8-2-build-linux-amd64/jdk8u161/10277/hotspot/src/share/vm/classfile/syste
Event: 21.221 Thread 0x00007f9774002000 Exception <a 'java/lang/ClassNotFoundException': org/springframework/web/servlet/RequestToViewNameTranslatorCustomizer> (0x00000000db2d9168) thrown at [/HUDSON/workspace/8-2-build-linux-amd64/jdk8u161/10277/hotspot/src/share/vm/classfile/systemDictionary.
Event: 21.302 Thread 0x00007f9774002000 Exception <a 'java/lang/ClassNotFoundException': org/springframework/web/servlet/support/SessionFlashMapManagerBeanInfo> (0x00000000dbe6fae0) thrown at [/HUDSON/workspace/8-2-build-linux-amd64/jdk8u161/10277/hotspot/src/share/vm/classfile/systemDictionary
Event: 21.303 Thread 0x00007f9774002000 Exception <a 'java/lang/ClassNotFoundException': org/springframework/web/servlet/support/AbstractFlashMapManagerBeanInfo> (0x00000000dbe90150) thrown at [/HUDSON/workspace/8-2-build-linux-amd64/jdk8u161/10277/hotspot/src/share/vm/classfile/systemDictionar
Event: 21.307 Thread 0x00007f9774002000 Exception <a 'java/lang/ClassNotFoundException': org/springframework/web/servlet/support/AbstractFlashMapManagerCustomizer> (0x00000000dbeb0d68) thrown at [/HUDSON/workspace/8-2-build-linux-amd64/jdk8u161/10277/hotspot/src/share/vm/classfile/systemDiction
Event: 21.314 Thread 0x00007f9774002000 Exception <a 'java/lang/ClassNotFoundException': org/springframework/web/servlet/support/SessionFlashMapManagerCustomizer> (0x00000000dbed9640) thrown at [/HUDSON/workspace/8-2-build-linux-amd64/jdk8u161/10277/hotspot/src/share/vm/classfile/systemDictiona
Event: 21.324 Thread 0x00007f9774002000 Exception <a 'java/lang/ClassNotFoundException': org/springframework/web/servlet/FlashMapManagerCustomizer> (0x00000000dbef8608) thrown at [/HUDSON/workspace/8-2-build-linux-amd64/jdk8u161/10277/hotspot/src/share/vm/classfile/systemDictionary.cpp, line 21

Events (10 events):
Event: 22.317 loading class org/springframework/util/StopWatch$TaskInfo done
Event: 22.336 Thread 0x00007f9774002000 Thread exited: 0x00007f9774002000
Event: 22.340 loading class java/util/WeakHashMap$KeyIterator
Event: 22.342 loading class java/util/WeakHashMap$KeyIterator done
Event: 22.343 Thread 0x00007f97b07ee800 Thread exited: 0x00007f97b07ee800
Event: 22.345 Thread 0x00007f97b0012000 Thread exited: 0x00007f97b0012000
Event: 22.345 Thread 0x00007f97b0012000 Thread added: 0x00007f97b0012000
Event: 43.398 Thread 0x00007f97b00bc800 flushing nmethod 0x00007f97a112add0
Event: 43.398 Thread 0x00007f97b00bc800 flushing nmethod 0x00007f97a1142dd0
Event: 52.167 Executing VM operation: ParallelGCFailedAllocation


Dynamic libraries:
00400000-00401000 r-xp 00000000 08:01 656546                             /usr/lib/jvm/java-8-oracle/bin/java
00600000-00601000 rw-p 00000000 08:01 656546                             /usr/lib/jvm/java-8-oracle/bin/java
010b8000-010d9000 rw-p 00000000 00:00 0                                  [heap]
83400000-87400000 rw-p 00000000 00:00 0 
87400000-d6700000 ---p 00000000 00:00 0 
d6700000-f0080000 rw-p 00000000 00:00 0 
fab00000-100000000 ---p 00000000 00:00 0 
100000000-1005a0000 rw-p 00000000 00:00 0 
1005a0000-140000000 ---p 00000000 00:00 0 
7f975c000000-7f975c022000 rw-p 00000000 00:00 0 
7f975c022000-7f9760000000 ---p 00000000 00:00 0 
7f9764000000-7f976426e000 rw-p 00000000 00:00 0 
7f976426e000-7f9768000000 ---p 00000000 00:00 0 
7f9768000000-7f97692c3000 rw-p 00000000 00:00 0 
7f97692c3000-7f976c000000 ---p 00000000 00:00 0 
7f976cece000-7f976ced1000 ---p 00000000 00:00 0 
7f976ced1000-7f976cfcf000 rw-p 00000000 00:00 0 
7f976cfcf000-7f976cfd2000 ---p 00000000 00:00 0 
7f976cfd2000-7f976d0d0000 rw-p 00000000 00:00 0 
7f976d0d0000-7f976d0d3000 ---p 00000000 00:00 0 
7f976d0d3000-7f976d2d1000 rw-p 00000000 00:00 0 
7f976d2d1000-7f976d3d1000 ---p 00000000 00:00 0 
7f976d3d1000-7f976d5d1000 rw-p 00000000 00:00 0 
7f976d5d1000-7f976d7d1000 rw-p 00000000 00:00 0 
7f976d7d1000-7f976d9d1000 rw-p 00000000 00:00 0 
7f976d9d1000-7f976dbd1000 rw-p 00000000 00:00 0 
7f976dbd1000-7f976dbd4000 ---p 00000000 00:00 0 
7f976dbd4000-7f976ded2000 rw-p 00000000 00:00 0 
7f976ded2000-7f976ded5000 ---p 00000000 00:00 0 
7f976ded5000-7f976dfd3000 rw-p 00000000 00:00 0 
7f976dfd3000-7f976dfd6000 ---p 00000000 00:00 0 
7f976dfd6000-7f976e0d4000 rw-p 00000000 00:00 0 
7f976e0d4000-7f976e0d7000 ---p 00000000 00:00 0 
7f976e0d7000-7f976e1d5000 rw-p 00000000 00:00 0 
7f976e1d5000-7f976e1d8000 ---p 00000000 00:00 0 
7f976e1d8000-7f976e2d6000 rw-p 00000000 00:00 0 
7f976e2d6000-7f976e2d9000 ---p 00000000 00:00 0 
7f976e2d9000-7f976e3d7000 rw-p 00000000 00:00 0 
7f976e3d7000-7f976e3da000 ---p 00000000 00:00 0 
7f976e3da000-7f976e6d8000 rw-p 00000000 00:00 0 
7f976e6d8000-7f976e8d8000 rw-p 00000000 00:00 0 
7f976e8d8000-7f976ead8000 rw-p 00000000 00:00 0 
7f976ebcd000-7f976ebd0000 ---p 00000000 00:00 0 
7f976ebd0000-7f976eece000 rw-p 00000000 00:00 0 
7f976eece000-7f976f0ce000 rw-p 00000000 00:00 0 
7f976f0ce000-7f976f0df000 r-xp 00000000 08:01 656780                     /usr/lib/jvm/java-8-oracle/jre/lib/amd64/libnio.so
7f976f0df000-7f976f2de000 ---p 00011000 08:01 656780                     /usr/lib/jvm/java-8-oracle/jre/lib/amd64/libnio.so
7f976f2de000-7f976f2df000 rw-p 00010000 08:01 656780                     /usr/lib/jvm/java-8-oracle/jre/lib/amd64/libnio.so
7f976f2df000-7f976f4df000 rw-p 00000000 00:00 0 
7f976f4df000-7f976f4e2000 ---p 00000000 00:00 0 
7f976f4e2000-7f976f7e0000 rw-p 00000000 00:00 0 
7f976f7e0000-7f976f9e0000 rw-p 00000000 00:00 0 
7f976f9e0000-7f976fbe0000 rw-p 00000000 00:00 0 
7f976fbe0000-7f976fbf6000 r-xp 00000000 08:01 656767                     /usr/lib/jvm/java-8-oracle/jre/lib/amd64/libnet.so
7f976fbf6000-7f976fdf6000 ---p 00016000 08:01 656767                     /usr/lib/jvm/java-8-oracle/jre/lib/amd64/libnet.so
7f976fdf6000-7f976fdf7000 rw-p 00016000 08:01 656767                     /usr/lib/jvm/java-8-oracle/jre/lib/amd64/libnet.so
7f976fdf7000-7f976fe00000 r-xp 00000000 08:01 656743                     /usr/lib/jvm/java-8-oracle/jre/lib/amd64/libmanagement.so
7f976fe00000-7f976ffff000 ---p 00009000 08:01 656743                     /usr/lib/jvm/java-8-oracle/jre/lib/amd64/libmanagement.so
7f976ffff000-7f9770000000 rw-p 00008000 08:01 656743                     /usr/lib/jvm/java-8-oracle/jre/lib/amd64/libmanagement.so
7f9770000000-7f9770021000 rw-p 00000000 00:00 0 
7f9770021000-7f9774000000 ---p 00000000 00:00 0 
7f9774000000-7f9774021000 rw-p 00000000 00:00 0 
7f9774021000-7f9778000000 ---p 00000000 00:00 0 
7f9778000000-7f9778fc4000 rw-p 00000000 00:00 0 
7f9778fc4000-7f977c000000 ---p 00000000 00:00 0 
7f977c000000-7f977c021000 rw-p 00000000 00:00 0 
7f977c021000-7f9780000000 ---p 00000000 00:00 0 
7f9780000000-7f9780021000 rw-p 00000000 00:00 0 
7f9780021000-7f9784000000 ---p 00000000 00:00 0 
7f9784000000-7f978588a000 rw-p 00000000 00:00 0 
7f978588a000-7f9788000000 ---p 00000000 00:00 0 
7f9788000000-7f9788021000 rw-p 00000000 00:00 0 
7f9788021000-7f978c000000 ---p 00000000 00:00 0 
7f978c000000-7f978c021000 rw-p 00000000 00:00 0 
7f978c021000-7f9790000000 ---p 00000000 00:00 0 
7f9790000000-7f9790028000 rw-p 00000000 00:00 0 
7f9790028000-7f9794000000 ---p 00000000 00:00 0 
7f9794000000-7f979428f000 rw-p 00000000 00:00 0 
7f979428f000-7f9798000000 ---p 00000000 00:00 0 
7f9798000000-7f9798021000 rw-p 00000000 00:00 0 
7f9798021000-7f979c000000 ---p 00000000 00:00 0 
7f979c077000-7f979c078000 rw-p 00000000 00:00 0 
7f979c078000-7f979c08b000 r--s 00345000 08:01 664568                     /usr/lib/jvm/java-8-oracle/jre/lib/resources.jar
7f979c08b000-7f979c090000 r--s 0009d000 08:01 665017                     /usr/lib/jvm/java-8-oracle/jre/lib/jsse.jar
7f979c090000-7f979c093000 ---p 00000000 00:00 0 
7f979c093000-7f979c191000 rw-p 00000000 00:00 0 
7f979c191000-7f979c194000 ---p 00000000 00:00 0 
7f979c194000-7f979c292000 rw-p 00000000 00:00 0 
7f979c292000-7f979c295000 ---p 00000000 00:00 0 
7f979c295000-7f979c393000 rw-p 00000000 00:00 0 
7f979c393000-7f979c395000 r--s 00003000 08:01 1067005                    /home/siva/.gradle/caches/modules-2/files-2.1/org.apache.tomcat/tomcat-annotations-api/8.5.23/aaf17df9fe0240e9e9d5375d24d5f177174b73d9/tomcat-annotations-api-8.5.23.jar
7f979c395000-7f979c397000 r--s 00002000 08:01 1067004                    /home/siva/.gradle/caches/modules-2/files-2.1/org.atteo/evo-inflector/1.2.2/2551aad98d65ac5464d81fe05f0e1516cfe471c9/evo-inflector-1.2.2.jar
7f979c397000-7f979c398000 r--s 0000b000 08:01 1067001                    /home/siva/.gradle/caches/modules-2/files-2.1/org.apache.tomcat/tomcat-juli/8.5.23/98e7f0610b7b2fb8303f11be0210e3f5a56a7d55/tomcat-juli-8.5.23.jar
7f979c398000-7f979c39a000 r--s 0000c000 08:01 1082019                    /home/siva/.gradle/caches/modules-2/files-2.1/org.ow2.asm/asm/5.1/5ef31c4fe953b1fd00b8a88fa1d6820e8785bb45/asm-5.1.jar
7f979c39a000-7f979c39c000 r--s 00006000 08:01 1082018                    /home/siva/.gradle/caches/modules-2/files-2.1/org.ow2.asm/asm-tree/5.1/87b38c12a0ea645791ead9d3e74ae5268d1d6c34/asm-tree-5.1.jar
7f979c39c000-7f979c39e000 r--s 0000a000 08:01 1082017                    /home/siva/.gradle/caches/modules-2/files-2.1/org.ow2.asm/asm-commons/5.1/25d8a575034dd9cfcb375a39b5334f0ba9c8474e/asm-commons-5.1.jar
7f979c39e000-7f979c3a0000 r--s 00005000 08:01 1082016                    /home/siva/.gradle/caches/modules-2/files-2.1/javax.annotation/javax.annotation-api/1.2/479c1e06db31c432330183f5cae684163f186146/javax.annotation-api-1.2.jar
7f979c3a0000-7f979c3a3000 r--s 00015000 08:01 1067094                    /home/siva/.gradle/caches/modules-2/files-2.1/javax.servlet/javax.servlet-api/3.1.0/3cd63d075497751784b2fa84be59432f4905bf7c/javax.servlet-api-3.1.0.jar
7f979c3a3000-7f979c3a6000 r--s 00008000 08:01 1082015                    /home/siva/.gradle/caches/modules-2/files-2.1/org.eclipse.jetty.websocket/websocket-api/9.4.7.v20170914/aa7717f73a613c338bda18bfa5b7bd8b6917330/websocket-api-9.4.7.v20170914.jar
7f979c3a6000-7f979c3b1000 r--s 0006a000 08:01 1067006                    /home/siva/.gradle/caches/modules-2/files-2.1/ch.qos.logback/logback-core/1.1.11/88b8df40340eed549fb07e2613879bf6b006704d/logback-core-1.1.11.jar
7f979c3b1000-7f979c3b3000 r--s 0000e000 08:01 1066996                    /home/siva/.gradle/caches/modules-2/files-2.1/com.fasterxml/classmate/1.3.4/3d5f48f10bbe4eb7bd862f10c0583be2e0053c6/classmate-1.3.4.jar
7f979c3b3000-7f979c3b7000 r--s 0000c000 08:01 1066995                    /home/siva/.gradle/caches/modules-2/files-2.1/javax.validation/validation-api/1.1.0.Final/8613ae82954779d518631e05daa73a6a954817d5/validation-api-1.1.0.Final.jar
7f979c3b7000-7f979c3bb000 r--s 00037000 08:01 1066993                    /home/siva/.gradle/caches/modules-2/files-2.1/org.apache.tomcat.embed/tomcat-embed-el/8.5.23/98d979cde444dffa6d434c8377d0123b2dfa614c/tomcat-embed-el-8.5.23.jar
7f979c3bb000-7f979c3e4000 r--s 002c7000 08:01 1066992                    /home/siva/.gradle/caches/modules-2/files-2.1/org.apache.tomcat.embed/tomcat-embed-core/8.5.23/79261793a47f507890ee08f749b9d81774e4f7f0/tomcat-embed-core-8.5.23.jar
7f979c3e4000-7f979c3e9000 r--s 00038000 08:01 1066994                    /home/siva/.gradle/caches/modules-2/files-2.1/org.apache.tomcat.embed/tomcat-embed-websocket/8.5.23/52f07abcae10dc7e1764304b0877def175c2c833/tomcat-embed-websocket-8.5.23.jar
7f979c3e9000-7f979c3ee000 r--s 00048000 08:01 1066981                    /home/siva/.gradle/caches/modules-2/files-2.1/dom4j/dom4j/1.6.1/5d3ccc056b6f056dbf0dddfdf43894b9065a8f94/dom4j-1.6.1.jar
7f979c3ee000-7f979c3f1000 r--s 0002b000 08:01 1066980                    /home/siva/.gradle/caches/modules-2/files-2.1/org.jboss/jandex/2.0.0.Final/3e899258936f94649c777193e1be846387ed54b3/jandex-2.0.0.Final.jar
7f979c3f1000-7f979c3f6000 r--s 00068000 08:01 1066978                    /home/siva/.gradle/caches/modules-2/files-2.1/antlr/antlr/2.7.7/83cd2cd674a217ade95a4bb83a8a14f351f48bd0/antlr-2.7.7.jar
7f979c3f6000-7f979c400000 r--s 000aa000 08:01 1066976                    /home/siva/.gradle/caches/modules-2/files-2.1/org.javassist/javassist/3.21.0-GA/598244f595db5c5fb713731eddbb1c91a58d959b/javassist-3.21.0-GA.jar
7f979c400000-7f979c405000 r--s 00017000 08:01 1066974                    /home/siva/.gradle/caches/modules-2/files-2.1/org.hibernate.javax.persistence/hibernate-jpa-2.1-api/1.0.0.Final/5e731d961297e5a07290bfaf3db1fbc8bbbf405a/hibernate-jpa-2.1-api-1.0.0.Final.jar
7f979c405000-7f979c408000 r--s 0000e000 08:01 1066972                    /home/siva/.gradle/caches/modules-2/files-2.1/org.jboss.logging/jboss-logging/3.3.1.Final/c46217ab74b532568c0ed31dc599db3048bd1b67/jboss-logging-3.3.1.Final.jar
7f979c408000-7f979c40b000 r--s 00010000 08:01 1066982                    /home/siva/.gradle/caches/modules-2/files-2.1/org.hibernate.common/hibernate-commons-annotations/5.0.1.Final/71e1cff3fcb20d3b3af4f3363c3ddb24d33c6879/hibernate-commons-annotations-5.0.1.Final.jar
7f979c40b000-7f979c40e000 r--s 00021000 08:01 1066970                    /home/siva/.gradle/caches/modules-2/files-2.1/org.apache.tomcat/tomcat-jdbc/8.5.23/6036400a8f2d90dd3ae3a4d09e5136c56002887b/tomcat-jdbc-8.5.23.jar
7f979c40e000-7f979c427000 r--s 001bf000 08:01 1066969                    /home/siva/.gradle/caches/modules-2/files-2.1/org.aspectj/aspectjweaver/1.8.13/ad94df2a28d658a40dc27bbaff6a1ce5fbf04e9b/aspectjweaver-1.8.13.jar
7f979c427000-7f979c429000 r--s 00007000 08:01 1082014                    /home/siva/.gradle/caches/modules-2/files-2.1/javax.websocket/javax.websocket-api/1.0/fc843b649d4a1dcb0497669d262befa3918c7ba8/javax.websocket-api-1.0.jar
7f979c429000-7f979c42b000 r--s 00004000 08:01 1082013                    /home/siva/.gradle/caches/modules-2/files-2.1/org.eclipse.jetty.websocket/websocket-servlet/9.4.7.v20170914/a75e6706b6af7a87bd3edebbddc45e6cb525f321/websocket-servlet-9.4.7.v20170914.jar
7f979c42b000-7f979c433000 r--s 0006a000 08:01 1082012                    /home/siva/.gradle/caches/modules-2/files-2.1/org.eclipse.jetty/jetty-util/9.4.7.v20170914/771efdf5983c174d6d9c58892108c1c2d018404a/jetty-util-9.4.7.v20170914.jar
7f979c433000-7f979c434000 r--s 0000c000 08:01 1082011                    /home/siva/.gradle/caches/modules-2/files-2.1/org.eclipse.jetty/jetty-xml/9.4.7.v20170914/203e38c00bba11bcb72b41c8d7a1714df61f31e5/jetty-xml-9.4.7.v20170914.jar
7f979c434000-7f979c437000 r--s 0001d000 08:01 1082010                    /home/siva/.gradle/caches/modules-2/files-2.1/org.eclipse.jetty/jetty-io/9.4.7.v20170914/a51742105ec2665f5ad80c17c784b388cb855329/jetty-io-9.4.7.v20170914.jar
7f979c437000-7f979c43c000 r--s 0002c000 08:01 1082009                    /home/siva/.gradle/caches/modules-2/files-2.1/org.eclipse.jetty.websocket/websocket-common/9.4.7.v20170914/47d18802581af0a1c458f7074a47e6e07ee864a0/websocket-common-9.4.7.v20170914.jar
7f979c43c000-7f979c43f000 r--s 00026000 08:01 1082008                    /home/siva/.gradle/caches/modules-2/files-2.1/org.eclipse.jetty/jetty-http/9.4.7.v20170914/44a0adb69ff6131129df34d43b28e196c8ce0a90/jetty-http-9.4.7.v20170914.jar
7f979c43f000-7f979c447000 r--s 00086000 08:01 1082007                    /home/siva/.gradle/caches/modules-2/files-2.1/org.eclipse.jetty/jetty-server/9.4.7.v20170914/886adb1b347f42698ea5482e600033428ad32afb/jetty-server-9.4.7.v20170914.jar
7f979c447000-7f979c449000 r--s 00015000 08:01 1082006                    /home/siva/.gradle/caches/modules-2/files-2.1/org.eclipse.jetty/jetty-security/9.4.7.v20170914/5119551fb6f19c556ea40588ab4c8f11967796ad/jetty-security-9.4.7.v20170914.jar
7f979c449000-7f979c44b000 r--s 00019000 08:01 1082005                    /home/siva/.gradle/caches/modules-2/files-2.1/org.eclipse.jetty/jetty-servlet/9.4.7.v20170914/980023d7ac2504839f89f337de76c345b21808a1/jetty-servlet-9.4.7.v20170914.jar
7f979c44b000-7f979c451000 r--s 0003c000 08:01 1082004                    /home/siva/.gradle/caches/modules-2/files-2.1/org.eclipse.jetty/jetty-client/9.4.7.v20170914/b1026e2f37cfaf626b7c42c05ce1ec83cd6609ec/jetty-client-9.4.7.v20170914.jar
7f979c451000-7f979c453000 r--s 00007000 08:01 1082003                    /home/siva/.gradle/caches/modules-2/files-2.1/org.eclipse.jetty.websocket/websocket-client/9.4.7.v20170914/693b3492e04b78757d88544f321076265909a503/websocket-client-9.4.7.v20170914.jar
7f979c453000-7f979c458000 r--s 00023000 08:01 1082002                    /home/siva/.gradle/caches/modules-2/files-2.1/org.eclipse.jetty.websocket/javax-websocket-client-impl/9.4.7.v20170914/94e54b803406f711e2f9636dd658e497e2ca9e67/javax-websocket-client-impl-9.4.7.v20170914.jar
7f979c458000-7f979c45a000 r--s 00003000 08:01 1082001                    /home/siva/.gradle/caches/modules-2/files-2.1/org.eclipse.jetty/jetty-continuation/9.4.7.v20170914/6b2aaa9da3e11e0f12bba9a80e74a389ab0d045e/jetty-continuation-9.4.7.v20170914.jar
7f979c45a000-7f979c461000 r--s 0003f000 08:01 1082000                    /home/siva/.gradle/caches/modules-2/files-2.1/commons-codec/commons-codec/1.10/4b95f4897fa13f2cd904aee711aeafc0c5295cd8/commons-codec-1.10.jar
7f979c461000-7f979c465000 r--s 00042000 08:01 1066990                    /home/siva/.gradle/caches/modules-2/files-2.1/com.fasterxml.jackson.core/jackson-core/2.8.10/eb21a035c66ad307e66ec8fce37f5d50fd62d039/jackson-core-2.8.10.jar
7f979c465000-7f979c467000 r--s 00009000 08:01 1066988                    /home/siva/.gradle/caches/modules-2/files-2.1/org.slf4j/slf4j-api/1.7.25/da76ca59f6a57ee3102f8f9bd9cee742973efa8a/slf4j-api-1.7.25.jar
7f979c467000-7f979c469000 r--s 00004000 08:01 1067000                    /home/siva/.gradle/caches/modules-2/files-2.1/org.slf4j/log4j-over-slf4j/1.7.25/a87bb47468f47ee7aabbd54f93e133d4215769c3/log4j-over-slf4j-1.7.25.jar
7f979c469000-7f979c46b000 r--s 00000000 08:01 1066999                    /home/siva/.gradle/caches/modules-2/files-2.1/org.slf4j/jul-to-slf4j/1.7.25/af5364cd6679bfffb114f0dec8a157aaa283b76/jul-to-slf4j-1.7.25.jar
7f979c46b000-7f979c46d000 r--s 00003000 08:01 1066989                    /home/siva/.gradle/caches/modules-2/files-2.1/org.slf4j/jcl-over-slf4j/1.7.25/f8c32b13ff142a513eeb5b6330b1588dcb2c0461/jcl-over-slf4j-1.7.25.jar
7f979c46d000-7f979c474000 r--s 00045000 08:01 1066998                    /home/siva/.gradle/caches/modules-2/files-2.1/ch.qos.logback/logback-classic/1.1.11/ccedfbacef4a6515d2983e3f89ed753d5d4fb665/logback-classic-1.1.11.jar
7f979c474000-7f979c485000 r--s 000a1000 08:01 1066957                    /home/siva/.gradle/caches/modules-2/files-2.1/org.hibernate/hibernate-validator/5.3.6.Final/4c730be8bf55a8e9a61e79a2f2c079abf48b718/hibernate-validator-5.3.6.Final.jar
7f979c485000-7f979c486000 r--s 00000000 08:01 1066955                    /home/siva/.gradle/caches/modules-2/files-2.1/org.springframework.boot/spring-boot-starter-tomcat/1.5.9.RELEASE/4615056f8a2bcad03ba8cdf410419ee3d101c5bb/spring-boot-starter-tomcat-1.5.9.RELEASE.jar
7f979c486000-7f979c489000 r--s 0000b000 08:01 1066952                    /home/siva/.gradle/caches/modules-2/files-2.1/com.fasterxml.jackson.core/jackson-annotations/2.8.0/45b426f7796b741035581a176744d91090e2e6fb/jackson-annotations-2.8.0.jar
7f979c489000-7f979c49b000 r--s 0011e000 08:01 1066953                    /home/siva/.gradle/caches/modules-2/files-2.1/com.fasterxml.jackson.core/jackson-databind/2.8.10/f7b83cb2bc4b88d53961e749e1ad32f49ef017b7/jackson-databind-2.8.10.jar
7f979c49b000-7f979c49e000 r--s 0000c000 08:01 1066951                    /home/siva/.gradle/caches/modules-2/files-2.1/org.springframework/spring-aspects/4.3.13.RELEASE/c91788e6b7c431379d0f7fe5f85f427d7e3f01ae/spring-aspects-4.3.13.RELEASE.jar
7f979c49e000-7f979c4a0000 r--s 00006000 08:01 1066382                    /home/siva/.gradle/caches/modules-2/files-2.1/javax.transaction/javax.transaction-api/1.2/d81aff979d603edd90dcd8db2abc1f4ce6479e3e/javax.transaction-api-1.2.jar
7f979c4a0000-7f979c509000 r--s 004f3000 08:01 1066949                    /home/siva/.gradle/caches/modules-2/files-2.1/org.hibernate/hibernate-core/5.0.12.Final/e58bf1c660e6706d8e2cbb53bae110f574366102/hibernate-core-5.0.12.Final.jar
7f979c509000-7f979c516000 r--s 00089000 08:01 1066950                    /home/siva/.gradle/caches/modules-2/files-2.1/org.hibernate/hibernate-entitymanager/5.0.12.Final/302a526f5058290e9cbd719a5caf9f248d344719/hibernate-entitymanager-5.0.12.Final.jar
7f979c516000-7f979c51a000 r--s 00037000 08:01 1081999                    /home/siva/.gradle/caches/modules-2/files-2.1/org.mortbay.jasper/apache-el/8.0.33/1b8fa2179b3937cada939317bb135815e79c0ac2/apache-el-8.0.33.jar
7f979c51a000-7f979c51c000 r--s 00007000 08:01 1081998                    /home/siva/.gradle/caches/modules-2/files-2.1/org.eclipse.jetty.websocket/websocket-server/9.4.7.v20170914/560ebb2f187c0f61b07b24eb667f669941beff89/websocket-server-9.4.7.v20170914.jar
7f979c51c000-7f979c51e000 r--s 0001d000 08:01 1081997                    /home/siva/.gradle/caches/modules-2/files-2.1/org.eclipse.jetty/jetty-webapp/9.4.7.v20170914/cb3f5561ad15a750dcb0cfdcc2db6df141df74b2/jetty-webapp-9.4.7.v20170914.jar
7f979c51e000-7f979c520000 r--s 0000c000 08:01 1081995                    /home/siva/.gradle/caches/modules-2/files-2.1/org.eclipse.jetty/jetty-plus/9.4.7.v20170914/862942bedb3d071e475770494b017efc6efa5a4f/jetty-plus-9.4.7.v20170914.jar
7f979c520000-7f979c523000 r--s 00011000 08:01 1081996                    /home/siva/.gradle/caches/modules-2/files-2.1/org.eclipse.jetty/jetty-annotations/9.4.7.v20170914/fb2649517a94753465c9dfa05965a5caf471ffcf/jetty-annotations-9.4.7.v20170914.jar
7f979c523000-7f979c529000 r--s 0003d000 08:01 1066967                    /home/siva/.gradle/caches/modules-2/files-2.1/org.yaml/snakeyaml/1.17/7a27ea250c5130b2922b86dea63cbb1cc10a660c/snakeyaml-1.17.jar
7f979c529000-7f979c540000 r--s 000fc000 08:01 1066524                    /home/siva/.gradle/caches/modules-2/files-2.1/org.springframework/spring-core/4.3.13.RELEASE/eea18d7f4d01f1baa1b6728b678b5a6fe23c61f6/spring-core-4.3.13.RELEASE.jar
7f979c540000-7f979c545000 r--s 0003c000 08:01 1066997                    /home/siva/.gradle/caches/modules-2/files-2.1/org.springframework/spring-expression/4.3.13.RELEASE/da22bf7df1262e429b49653be6cd5b89b6affe5e/spring-expression-4.3.13.RELEASE.jar
7f979c545000-7f979c553000 r--s 000ad000 08:01 1066987                    /home/siva/.gradle/caches/modules-2/files-2.1/org.springframework/spring-beans/4.3.13.RELEASE/8613a7077722f1d97f8cb3fea4b0b40bfadf4496/spring-beans-4.3.13.RELEASE.jar
7f979c553000-7f979c566000 r--s 000ad000 08:01 1066983                    /home/siva/.gradle/caches/modules-2/files-2.1/org.springframework.data/spring-data-commons/1.13.9.RELEASE/3910a598235d2e9c1ca56f34c5e62bb5ce23778/spring-data-commons-1.13.9.RELEASE.jar
7f979c566000-7f979c56e000 r--s 0003a000 08:01 1066986                    /home/siva/.gradle/caches/modules-2/files-2.1/org.springframework/spring-tx/4.3.13.RELEASE/6ebf7b3f2099fa884038d9d7bd44817ebd9c5b4a/spring-tx-4.3.13.RELEASE.jar
7f979c56e000-7f979c578000 r--s 0005f000 08:01 1066971                    /home/siva/.gradle/caches/modules-2/files-2.1/org.springframework/spring-jdbc/4.3.13.RELEASE/68e95c2a065641559c7dab7b605bc5847ab026ad/spring-jdbc-4.3.13.RELEASE.jar
7f979c578000-7f979c582000 r--s 0006b000 08:01 1066984                    /home/siva/.gradle/caches/modules-2/files-2.1/org.springframework/spring-orm/4.3.13.RELEASE/382d3ce044204947f8f2b3fa67a665d4e2bd346f/spring-orm-4.3.13.RELEASE.jar
7f979c582000-7f979c58b000 r--s 00054000 08:01 1066968                    /home/siva/.gradle/caches/modules-2/files-2.1/org.springframework/spring-aop/4.3.13.RELEASE/61f427b55951f59b50f3c2bd0de3c48960e2a342/spring-aop-4.3.13.RELEASE.jar
7f979c58b000-7f979c5a4000 r--s 000fe000 08:01 1066985                    /home/siva/.gradle/caches/modules-2/files-2.1/org.springframework/spring-context/4.3.13.RELEASE/6ab1c189a13182fa3256f6bbc68fafdaf8f5a19e/spring-context-4.3.13.RELEASE.jar
7f979c5a4000-7f979c5b6000 r--s 000b8000 08:01 1066959                    /home/siva/.gradle/caches/modules-2/files-2.1/org.springframework/spring-web/4.3.13.RELEASE/7cd084992d546165ede3e99bc31ee49c937f0ce7/spring-web-4.3.13.RELEASE.jar
7f979c5b6000-7f979c5c8000 r--s 000cf000 08:01 1066961                    /home/siva/.gradle/caches/modules-2/files-2.1/org.springframework/spring-webmvc/4.3.13.RELEASE/87a095c7a1d13fe433ae6712787238c1dbaa6919/spring-webmvc-4.3.13.RELEASE.jar
7f979c5c8000-7f979c5cd000 r--s 0002d000 08:01 1067002                    /home/siva/.gradle/caches/modules-2/files-2.1/org.springframework.hateoas/spring-hateoas/0.23.0.RELEASE/678ffa0798f417a794fea592dc8066e325611919/spring-hateoas-0.23.0.RELEASE.jar
7f979c5cd000-7f979c5d2000 r--s 0001b000 08:01 1066991                    /home/siva/.gradle/caches/modules-2/files-2.1/org.springframework.data/spring-data-rest-core/2.6.9.RELEASE/7a0350863ea9b32bd57d9520d4996ff11ea643b8/spring-data-rest-core-2.6.9.RELEASE.jar
7f979c5d2000-7f979c5d9000 r--s 00048000 08:01 1066954                    /home/siva/.gradle/caches/modules-2/files-2.1/org.springframework.data/spring-data-rest-webmvc/2.6.9.RELEASE/9fe9679f0973c92ee61af30acf844260505d496d/spring-data-rest-webmvc-2.6.9.RELEASE.jar
7f979c5d9000-7f979c5e0000 r--s 00041000 08:01 1066383                    /home/siva/.gradle/caches/modules-2/files-2.1/org.springframework.data/spring-data-jpa/1.11.9.RELEASE/64c80f12361d5b74cf98a3433b59a5c961d78d38/spring-data-jpa-1.11.9.RELEASE.jar
7f979c5e0000-7f979c5f0000 r--s 00095000 08:01 1066963                    /home/siva/.gradle/caches/modules-2/files-2.1/org.springframework.boot/spring-boot/1.5.9.RELEASE/f472cdf948288796fb31e0bb03f6e7b022b763a0/spring-boot-1.5.9.RELEASE.jar
7f979c5f0000-7f979c610000 r--s 000e6000 08:01 1066965                    /home/siva/.gradle/caches/modules-2/files-2.1/org.springframework.boot/spring-boot-autoconfigure/1.5.9.RELEASE/88dd18bdaf317ae40971573a051fd47265f2ed39/spring-boot-autoconfigure-1.5.9.RELEASE.jar
7f979c610000-7f979c617000 r--s 0009f000 08:01 1067073                    /home/siva/.gradle/caches/modules-2/files-2.1/org.postgresql/postgresql/9.4.1212.jre7/7101612950488be0ff6882bcc27aa0f0a4c202dd/postgresql-9.4.1212.jre7.jar
7f979c617000-7f979c61d000 r--s 0002f000 08:01 1067071                    /home/siva/.gradle/caches/modules-2/files-2.1/org.springframework.boot/spring-boot-devtools/1.5.9.RELEASE/8908280f33c65ffa21789020e7a37d46a798d445/spring-boot-devtools-1.5.9.RELEASE.jar
7f979c61d000-7f979c624000 r--s 00048000 08:01 1081992                    /home/siva/.gradle/caches/modules-2/files-2.1/org.apache.httpcomponents/httpcore/4.4.1/f5aa318bda4c6c8d688c9d00b90681dcd82ce636/httpcore-4.4.1.jar
7f979c624000-7f979c6ba000 r--s 0110a000 08:01 656710                     /usr/lib/jvm/java-8-oracle/jre/lib/ext/jfxrt.jar
7f979c6ba000-7f979c6bb000 ---p 00000000 00:00 0 
7f979c6bb000-7f979c7bb000 rw-p 00000000 00:00 0 
7f979c7bb000-7f979c7be000 ---p 00000000 00:00 0 
7f979c7be000-7f979c8bc000 rw-p 00000000 00:00 0 
7f979c8bc000-7f979c8bf000 ---p 00000000 00:00 0 
7f979c8bf000-7f979c9bd000 rw-p 00000000 00:00 0 
7f979c9bd000-7f979c9c0000 ---p 00000000 00:00 0 
7f979c9c0000-7f979cabe000 rw-p 00000000 00:00 0 
7f979cabe000-7f979d1a0000 r--p 00000000 08:01 662282                     /usr/lib/locale/locale-archive
7f979d1a0000-7f97a1000000 rw-p 00000000 00:00 0 
7f97a1000000-7f97a1d10000 rwxp 00000000 00:00 0 
7f97a1d10000-7f97b0000000 ---p 00000000 00:00 0 
7f97b0000000-7f97b07f4000 rw-p 00000000 00:00 0 
7f97b07f4000-7f97b4000000 ---p 00000000 00:00 0 
7f97b4000000-7f97b4001000 r--s 00008000 08:01 1081994                    /home/siva/.gradle/caches/modules-2/files-2.1/org.eclipse.jetty.websocket/javax-websocket-server-impl/9.4.7.v20170914/45e2d7106f87f7950928447b7124e07e68b3f9a3/javax-websocket-server-impl-9.4.7.v20170914.jar
7f97b4001000-7f97b4004000 ---p 00000000 00:00 0 
7f97b4004000-7f97b4102000 rw-p 00000000 00:00 0 
7f97b4102000-7f97b4105000 ---p 00000000 00:00 0 
7f97b4105000-7f97b4203000 rw-p 00000000 00:00 0 
7f97b4203000-7f97b4206000 ---p 00000000 00:00 0 
7f97b4206000-7f97b4304000 rw-p 00000000 00:00 0 
7f97b4304000-7f97b4305000 ---p 00000000 00:00 0 
7f97b4305000-7f97b4d9f000 rw-p 00000000 00:00 0 
7f97b4d9f000-7f97b4f78000 r--s 03d64000 08:01 656799                     /usr/lib/jvm/java-8-oracle/jre/lib/rt.jar
7f97b4f78000-7f97b5bd4000 rw-p 00000000 00:00 0 
7f97b5bd4000-7f97b5bd5000 ---p 00000000 00:00 0 
7f97b5bd5000-7f97b5cd5000 rw-p 00000000 00:00 0 
7f97b5cd5000-7f97b5cd6000 ---p 00000000 00:00 0 
7f97b5cd6000-7f97b5df6000 rw-p 00000000 00:00 0 
7f97b5df6000-7f97b6070000 ---p 00000000 00:00 0 
7f97b6070000-7f97b6090000 rw-p 00000000 00:00 0 
7f97b6090000-7f97b6309000 ---p 00000000 00:00 0 
7f97b6309000-7f97b63d7000 rw-p 00000000 00:00 0 
7f97b63d7000-7f97b6456000 ---p 00000000 00:00 0 
7f97b6456000-7f97b648c000 rw-p 00000000 00:00 0 
7f97b648c000-7f97b6817000 ---p 00000000 00:00 0 
7f97b6817000-7f97b6832000 r-xp 00000000 08:01 656775                     /usr/lib/jvm/java-8-oracle/jre/lib/amd64/libzip.so
7f97b6832000-7f97b6a32000 ---p 0001b000 08:01 656775                     /usr/lib/jvm/java-8-oracle/jre/lib/amd64/libzip.so
7f97b6a32000-7f97b6a33000 rw-p 0001b000 08:01 656775                     /usr/lib/jvm/java-8-oracle/jre/lib/amd64/libzip.so
7f97b6a33000-7f97b6a3d000 r-xp 00000000 08:01 1836230                    /lib/x86_64-linux-gnu/libnss_files-2.19.so
7f97b6a3d000-7f97b6c3c000 ---p 0000a000 08:01 1836230                    /lib/x86_64-linux-gnu/libnss_files-2.19.so
7f97b6c3c000-7f97b6c3d000 r--p 00009000 08:01 1836230                    /lib/x86_64-linux-gnu/libnss_files-2.19.so
7f97b6c3d000-7f97b6c3e000 rw-p 0000a000 08:01 1836230                    /lib/x86_64-linux-gnu/libnss_files-2.19.so
7f97b6c3e000-7f97b6c49000 r-xp 00000000 08:01 1836440                    /lib/x86_64-linux-gnu/libnss_nis-2.19.so
7f97b6c49000-7f97b6e48000 ---p 0000b000 08:01 1836440                    /lib/x86_64-linux-gnu/libnss_nis-2.19.so
7f97b6e48000-7f97b6e49000 r--p 0000a000 08:01 1836440                    /lib/x86_64-linux-gnu/libnss_nis-2.19.so
7f97b6e49000-7f97b6e4a000 rw-p 0000b000 08:01 1836440                    /lib/x86_64-linux-gnu/libnss_nis-2.19.so
7f97b6e4a000-7f97b6e61000 r-xp 00000000 08:01 1836548                    /lib/x86_64-linux-gnu/libnsl-2.19.so
7f97b6e61000-7f97b7060000 ---p 00017000 08:01 1836548                    /lib/x86_64-linux-gnu/libnsl-2.19.so
7f97b7060000-7f97b7061000 r--p 00016000 08:01 1836548                    /lib/x86_64-linux-gnu/libnsl-2.19.so
7f97b7061000-7f97b7062000 rw-p 00017000 08:01 1836548                    /lib/x86_64-linux-gnu/libnsl-2.19.so
7f97b7062000-7f97b7064000 rw-p 00000000 00:00 0 
7f97b7064000-7f97b706d000 r-xp 00000000 08:01 1836445                    /lib/x86_64-linux-gnu/libnss_compat-2.19.so
7f97b706d000-7f97b726c000 ---p 00009000 08:01 1836445                    /lib/x86_64-linux-gnu/libnss_compat-2.19.so
7f97b726c000-7f97b726d000 r--p 00008000 08:01 1836445                    /lib/x86_64-linux-gnu/libnss_compat-2.19.so
7f97b726d000-7f97b726e000 rw-p 00009000 08:01 1836445                    /lib/x86_64-linux-gnu/libnss_compat-2.19.so
7f97b726e000-7f97b7299000 r-xp 00000000 08:01 656716                     /usr/lib/jvm/java-8-oracle/jre/lib/amd64/libjava.so
7f97b7299000-7f97b7498000 ---p 0002b000 08:01 656716                     /usr/lib/jvm/java-8-oracle/jre/lib/amd64/libjava.so
7f97b7498000-7f97b749a000 rw-p 0002a000 08:01 656716                     /usr/lib/jvm/java-8-oracle/jre/lib/amd64/libjava.so
7f97b749a000-7f97b74a7000 r-xp 00000000 08:01 656739                     /usr/lib/jvm/java-8-oracle/jre/lib/amd64/libverify.so
7f97b74a7000-7f97b76a7000 ---p 0000d000 08:01 656739                     /usr/lib/jvm/java-8-oracle/jre/lib/amd64/libverify.so
7f97b76a7000-7f97b76a9000 rw-p 0000d000 08:01 656739                     /usr/lib/jvm/java-8-oracle/jre/lib/amd64/libverify.so
7f97b76a9000-7f97b76b0000 r-xp 00000000 08:01 1836503                    /lib/x86_64-linux-gnu/librt-2.19.so
7f97b76b0000-7f97b78af000 ---p 00007000 08:01 1836503                    /lib/x86_64-linux-gnu/librt-2.19.so
7f97b78af000-7f97b78b0000 r--p 00006000 08:01 1836503                    /lib/x86_64-linux-gnu/librt-2.19.so
7f97b78b0000-7f97b78b1000 rw-p 00007000 08:01 1836503                    /lib/x86_64-linux-gnu/librt-2.19.so
7f97b78b1000-7f97b79b6000 r-xp 00000000 08:01 1836457                    /lib/x86_64-linux-gnu/libm-2.19.so
7f97b79b6000-7f97b7bb5000 ---p 00105000 08:01 1836457                    /lib/x86_64-linux-gnu/libm-2.19.so
7f97b7bb5000-7f97b7bb6000 r--p 00104000 08:01 1836457                    /lib/x86_64-linux-gnu/libm-2.19.so
7f97b7bb6000-7f97b7bb7000 rw-p 00105000 08:01 1836457                    /lib/x86_64-linux-gnu/libm-2.19.so
7f97b7bb7000-7f97b8890000 r-xp 00000000 08:01 656759                     /usr/lib/jvm/java-8-oracle/jre/lib/amd64/server/libjvm.so
7f97b8890000-7f97b8a8f000 ---p 00cd9000 08:01 656759                     /usr/lib/jvm/java-8-oracle/jre/lib/amd64/server/libjvm.so
7f97b8a8f000-7f97b8b68000 rw-p 00cd8000 08:01 656759                     /usr/lib/jvm/java-8-oracle/jre/lib/amd64/server/libjvm.so
7f97b8b68000-7f97b8bb4000 rw-p 00000000 00:00 0 
7f97b8bb4000-7f97b8d72000 r-xp 00000000 08:01 1836568                    /lib/x86_64-linux-gnu/libc-2.19.so
7f97b8d72000-7f97b8f72000 ---p 001be000 08:01 1836568                    /lib/x86_64-linux-gnu/libc-2.19.so
7f97b8f72000-7f97b8f76000 r--p 001be000 08:01 1836568                    /lib/x86_64-linux-gnu/libc-2.19.so
7f97b8f76000-7f97b8f78000 rw-p 001c2000 08:01 1836568                    /lib/x86_64-linux-gnu/libc-2.19.so
7f97b8f78000-7f97b8f7d000 rw-p 00000000 00:00 0 
7f97b8f7d000-7f97b8f80000 r-xp 00000000 08:01 1836554                    /lib/x86_64-linux-gnu/libdl-2.19.so
7f97b8f80000-7f97b917f000 ---p 00003000 08:01 1836554                    /lib/x86_64-linux-gnu/libdl-2.19.so
7f97b917f000-7f97b9180000 r--p 00002000 08:01 1836554                    /lib/x86_64-linux-gnu/libdl-2.19.so
7f97b9180000-7f97b9181000 rw-p 00003000 08:01 1836554                    /lib/x86_64-linux-gnu/libdl-2.19.so
7f97b9181000-7f97b9197000 r-xp 00000000 08:01 806616                     /usr/lib/jvm/java-8-oracle/lib/amd64/jli/libjli.so
7f97b9197000-7f97b9396000 ---p 00016000 08:01 806616                     /usr/lib/jvm/java-8-oracle/lib/amd64/jli/libjli.so
7f97b9396000-7f97b9397000 rw-p 00015000 08:01 806616                     /usr/lib/jvm/java-8-oracle/lib/amd64/jli/libjli.so
7f97b9397000-7f97b93b0000 r-xp 00000000 08:01 1836501                    /lib/x86_64-linux-gnu/libpthread-2.19.so
7f97b93b0000-7f97b95af000 ---p 00019000 08:01 1836501                    /lib/x86_64-linux-gnu/libpthread-2.19.so
7f97b95af000-7f97b95b0000 r--p 00018000 08:01 1836501                    /lib/x86_64-linux-gnu/libpthread-2.19.so
7f97b95b0000-7f97b95b1000 rw-p 00019000 08:01 1836501                    /lib/x86_64-linux-gnu/libpthread-2.19.so
7f97b95b1000-7f97b95b5000 rw-p 00000000 00:00 0 
7f97b95b5000-7f97b95d8000 r-xp 00000000 08:01 1836496                    /lib/x86_64-linux-gnu/ld-2.19.so
7f97b95d8000-7f97b95da000 r--s 00015000 08:01 1081993                    /home/siva/.gradle/caches/modules-2/files-2.1/org.eclipse.jetty/jetty-servlets/9.4.7.v20170914/a0b1f50faf6ea178e4e1b46072794ebbb4c682e9/jetty-servlets-9.4.7.v20170914.jar
7f97b95da000-7f97b95db000 r--s 00004000 08:01 1067003                    /home/siva/.gradle/caches/modules-2/files-2.1/org.springframework.plugin/spring-plugin-core/1.2.0.RELEASE/f380e7760032e7d929184f8ad8a33716b75c0657/spring-plugin-core-1.2.0.RELEASE.jar
7f97b95db000-7f97b95dc000 r--s 00000000 08:01 1066966                    /home/siva/.gradle/caches/modules-2/files-2.1/org.springframework.boot/spring-boot-starter-logging/1.5.9.RELEASE/30fd62a1ce9639759d90d49608501082314c1628/spring-boot-starter-logging-1.5.9.RELEASE.jar
7f97b95dc000-7f97b95e9000 r--s 000a5000 08:01 1081991                    /home/siva/.gradle/caches/modules-2/files-2.1/org.apache.httpcomponents/httpclient/4.5/a1e6cbb3cc2c5f210dd1310ff9fcb2c09c0d1438/httpclient-4.5.jar
7f97b95e9000-7f97b95f2000 r--s 00055000 08:01 1081990                    /home/siva/.gradle/caches/modules-2/files-2.1/org.flywaydb/flyway-core/4.1.2/b432d0d994cc69a72a00e4bf57e6a1e01c561ceb/flyway-core-4.1.2.jar
7f97b95f2000-7f97b96bd000 rw-p 00000000 00:00 0 
7f97b96bd000-7f97b96c0000 ---p 00000000 00:00 0 
7f97b96c0000-7f97b97c3000 rw-p 00000000 00:00 0 
7f97b97c3000-7f97b97c6000 r--s 00022000 08:01 1082020                    /home/siva/.gradle/caches/modules-2/files-2.1/io.sentry/sentry/1.5.4/6c7504144aa7f9e39bd53dff5ef710805274e0b1/sentry-1.5.4.jar
7f97b97c6000-7f97b97c7000 r--s 00000000 08:01 1081989                    /home/siva/.gradle/caches/modules-2/files-2.1/org.springframework.boot/spring-boot-starter-jetty/1.5.9.RELEASE/4e4b62d65f1007235b3a9c32403dd610dfe5592/spring-boot-starter-jetty-1.5.9.RELEASE.jar
7f97b97c7000-7f97b97c8000 r--s 00000000 08:01 1066946                    /home/siva/.gradle/caches/modules-2/files-2.1/org.springframework.boot/spring-boot-starter/1.5.9.RELEASE/6bfb34db2715ee86c6e2337fa145650588b4b1b3/spring-boot-starter-1.5.9.RELEASE.jar
7f97b97c8000-7f97b97c9000 r--s 00000000 08:01 1066948                    /home/siva/.gradle/caches/modules-2/files-2.1/org.springframework.boot/spring-boot-starter-jdbc/1.5.9.RELEASE/6769ecea55e952afb64f17975638c5afd1e59ef3/spring-boot-starter-jdbc-1.5.9.RELEASE.jar
7f97b97c9000-7f97b97ca000 r--s 00000000 08:01 1066947                    /home/siva/.gradle/caches/modules-2/files-2.1/org.springframework.boot/spring-boot-starter-aop/1.5.9.RELEASE/fab419df8d7a13968a51ebfcbcad7ef320d66184/spring-boot-starter-aop-1.5.9.RELEASE.jar
7f97b97ca000-7f97b97cb000 r--s 00000000 08:01 1066945                    /home/siva/.gradle/caches/modules-2/files-2.1/org.springframework.boot/spring-boot-starter-web/1.5.9.RELEASE/bda9733d5e6ba6d1a97deead1738713dc0631b3e/spring-boot-starter-web-1.5.9.RELEASE.jar
7f97b97cb000-7f97b97cc000 r--s 00000000 08:01 1066944                    /home/siva/.gradle/caches/modules-2/files-2.1/org.springframework.boot/spring-boot-starter-data-rest/1.5.9.RELEASE/1ebd3bb10019799849d51c49c7d8d3249d43e618/spring-boot-starter-data-rest-1.5.9.RELEASE.jar
7f97b97cc000-7f97b97cd000 r--s 00000000 08:01 1066943                    /home/siva/.gradle/caches/modules-2/files-2.1/org.springframework.boot/spring-boot-starter-data-jpa/1.5.9.RELEASE/8628320876aa12cc406216523effe954fbd354c0/spring-boot-starter-data-jpa-1.5.9.RELEASE.jar
7f97b97cd000-7f97b97d5000 rw-s 00000000 08:01 1721703                    /tmp/hsperfdata_siva/24522
7f97b97d5000-7f97b97d6000 rw-p 00000000 00:00 0 
7f97b97d6000-7f97b97d7000 ---p 00000000 00:00 0 
7f97b97d7000-7f97b97d8000 r--p 00022000 08:01 1836496                    /lib/x86_64-linux-gnu/ld-2.19.so
7f97b97d8000-7f97b97d9000 rw-p 00023000 08:01 1836496                    /lib/x86_64-linux-gnu/ld-2.19.so
7f97b97d9000-7f97b97da000 rw-p 00000000 00:00 0 
7ffffe85e000-7ffffe883000 rw-p 00000000 00:00 0                          [stack]
7ffffe9a6000-7ffffe9a8000 r--p 00000000 00:00 0                          [vvar]
7ffffe9a8000-7ffffe9aa000 r-xp 00000000 00:00 0                          [vdso]
ffffffffff600000-ffffffffff601000 r-xp 00000000 00:00 0                  [vsyscall]

VM Arguments:
jvm_args: -Dfile.encoding=UTF-8 -Duser.country=IN -Duser.language=en -Duser.variant 
java_command: com.aconex.FaceRecognition.FaceRecognitionApplication
java_class_path (initial): /home/siva/Documents/Projects/FAAP/Face-App/build/classes/java/main:/home/siva/Documents/Projects/FAAP/Face-App/build/classes/groovy/main:/home/siva/Documents/Projects/FAAP/Face-App/build/resources/main:/home/siva/.gradle/caches/modules-2/files-2.1/org.springframework.boot/spring-boot-starter-data-jpa/1.5.9.RELEASE/8628320876aa12cc406216523effe954fbd354c0/spring-boot-starter-data-jpa-1.5.9.RELEASE.jar:/home/siva/.gradle/caches/modules-2/files-2.1/org.springframework.boot/spring-boot-starter-data-rest/1.5.9.RELEASE/1ebd3bb10019799849d51c49c7d8d3249d43e618/spring-boot-starter-data-rest-1.5.9.RELEASE.jar:/home/siva/.gradle/caches/modules-2/files-2.1/org.springframework.boot/spring-boot-starter-web/1.5.9.RELEASE/bda9733d5e6ba6d1a97deead1738713dc0631b3e/spring-boot-starter-web-1.5.9.RELEASE.jar:/home/siva/.gradle/caches/modules-2/files-2.1/org.springframework.boot/spring-boot-starter-aop/1.5.9.RELEASE/fab419df8d7a13968a51ebfcbcad7ef320d66184/spring-boot-starter-aop-1.5.9.RELEASE.jar:/home/siva/.gradle/caches/modules-2/files-2.1/org.springframework.boot/spring-boot-starter-jdbc/1.5.9.RELEASE/6769ecea55e952afb64f17975638c5afd1e59ef3/spring-boot-starter-jdbc-1.5.9.RELEASE.jar:/home/siva/.gradle/caches/modules-2/files-2.1/org.springframework.boot/spring-boot-starter/1.5.9.RELEASE/6bfb34db2715ee86c6e2337fa145650588b4b1b3/spring-boot-starter-1.5.9.RELEASE.jar:/home/siva/.gradle/caches/modules-2/files-2.1/org.springframework.boot/spring-boot-starter-jetty/1.5.9.RELEASE/4e4b62d65f1007235b3a9c32403dd610dfe5592/spring-boot-starter-jetty-1.5.9.RELEASE.jar:/home/siva/.gradle/caches/modules-2/files-2.1/org.flywaydb/flyway-core/4.1.2/b432d0d994cc69a72a00e4bf57e6a1e01c561ceb/flyway-core-4.1.2.jar:/home/siva/.gradle/caches/modules-2/files-2.1/io.sentry/sentry/1.5.4/6c7504144aa7f9e39bd53dff5ef710805274e0b1/sentry-1.5.4.jar:/home/siva/.gradle/caches/modules-2/files-2.1/org.apache.httpcomponents/httpclient/4.5/a1e6cbb3cc2c5f210dd1310ff9fcb2c09c0d1438/httpclient
Launcher Type: SUN_STANDARD

Environment Variables:
JAVA_HOME=/usr/lib/jvm/java-8-oracle
PATH=/usr/local/sbin:/usr/local/bin:/usr/sbin:/usr/bin:/sbin:/bin:/usr/games:/usr/local/games:/usr/lib/jvm/java-8-oracle/bin:/usr/lib/jvm/java-8-oracle/db/bin:/usr/lib/jvm/java-8-oracle/jre/bin:/usr/lib/jvm/java-8-oracle/bin:/usr/lib/jvm/java-8-oracle/db/bin:/usr/lib/jvm/java-8-oracle/jre/bin
SHELL=/bin/bash
DISPLAY=:0

Signal Handlers:
SIGSEGV: [libjvm.so+0xad01e0], sa_mask[0]=11111111011111111101111111111110, sa_flags=SA_RESTART|SA_SIGINFO
SIGBUS: [libjvm.so+0xad01e0], sa_mask[0]=11111111011111111101111111111110, sa_flags=SA_RESTART|SA_SIGINFO
SIGFPE: [libjvm.so+0x927fb0], sa_mask[0]=11111111011111111101111111111110, sa_flags=SA_RESTART|SA_SIGINFO
SIGPIPE: [libjvm.so+0x927fb0], sa_mask[0]=11111111011111111101111111111110, sa_flags=SA_RESTART|SA_SIGINFO
SIGXFSZ: [libjvm.so+0x927fb0], sa_mask[0]=11111111011111111101111111111110, sa_flags=SA_RESTART|SA_SIGINFO
SIGILL: [libjvm.so+0x927fb0], sa_mask[0]=11111111011111111101111111111110, sa_flags=SA_RESTART|SA_SIGINFO
SIGUSR1: SIG_DFL, sa_mask[0]=00000000000000000000000000000000, sa_flags=none
SIGUSR2: [libjvm.so+0x9297f0], sa_mask[0]=00100000000000000000000000000000, sa_flags=SA_RESTART|SA_SIGINFO
SIGHUP: [libjvm.so+0x92abf0], sa_mask[0]=11111111011111111101111111111110, sa_flags=SA_RESTART|SA_SIGINFO
SIGINT: [libjvm.so+0x92abf0], sa_mask[0]=11111111011111111101111111111110, sa_flags=SA_RESTART|SA_SIGINFO
SIGTERM: [libjvm.so+0x92abf0], sa_mask[0]=11111111011111111101111111111110, sa_flags=SA_RESTART|SA_SIGINFO
SIGQUIT: [libjvm.so+0x92abf0], sa_mask[0]=11111111011111111101111111111110, sa_flags=SA_RESTART|SA_SIGINFO


---------------  S Y S T E M  ---------------

OS:DISTRIB_ID=Ubuntu
DISTRIB_RELEASE=14.04
DISTRIB_CODENAME=trusty
DISTRIB_DESCRIPTION="Ubuntu 14.04.5 LTS"

uname:Linux 4.4.0-104-generic #127~14.04.1-Ubuntu SMP Mon Dec 11 12:44:15 UTC 2017 x86_64
libc:glibc 2.19 NPTL 2.19 
rlimit: STACK 8192k, CORE 0k, NPROC 31835, NOFILE 4096, AS infinity
load average:5.81 3.56 2.02

/proc/meminfo:
MemTotal:        8175404 kB
MemFree:          103352 kB
MemAvailable:       2576 kB
Buffers:             280 kB
Cached:            54200 kB
SwapCached:            0 kB
Active:          7851348 kB
Inactive:          39116 kB
Active(anon):    7840904 kB
Inactive(anon):    28652 kB
Active(file):      10444 kB
Inactive(file):    10464 kB
Unevictable:          48 kB
Mlocked:              48 kB
SwapTotal:             0 kB
SwapFree:              0 kB
Dirty:                 0 kB
Writeback:             0 kB
AnonPages:       7836376 kB
Mapped:            49016 kB
Shmem:             33228 kB
Slab:              77700 kB
SReclaimable:      47520 kB
SUnreclaim:        30180 kB
KernelStack:       14048 kB
PageTables:        51796 kB
NFS_Unstable:          0 kB
Bounce:                0 kB
WritebackTmp:          0 kB
CommitLimit:     4087700 kB
Committed_AS:   13020544 kB
VmallocTotal:   34359738367 kB
VmallocUsed:           0 kB
VmallocChunk:          0 kB
HardwareCorrupted:     0 kB
AnonHugePages:   3966976 kB
CmaTotal:              0 kB
CmaFree:               0 kB
HugePages_Total:       0
HugePages_Free:        0
HugePages_Rsvd:        0
HugePages_Surp:        0
Hugepagesize:       2048 kB
DirectMap4k:      137152 kB
DirectMap2M:     8251392 kB


CPU:total 2 (initial active 2) (2 cores per cpu, 1 threads per core) family 6 model 78 stepping 3, cmov, cx8, fxsr, mmx, sse, sse2, sse3, ssse3, sse4.1, sse4.2, popcnt, avx, avx2, aes, clmul, 3dnowpref, lzcnt, tsc, tscinvbit

/proc/cpuinfo:
processor	: 0
vendor_id	: GenuineIntel
cpu family	: 6
model		: 78
model name	: Intel(R) Core(TM) i5-6200U CPU @ 2.30GHz
stepping	: 3
cpu MHz		: 2399.998
cache size	: 3072 KB
physical id	: 0
siblings	: 2
core id		: 0
cpu cores	: 2
apicid		: 0
initial apicid	: 0
fpu		: yes
fpu_exception	: yes
cpuid level	: 22
wp		: yes
flags		: fpu vme de pse tsc msr pae mce cx8 apic sep mtrr pge mca cmov pat pse36 clflush mmx fxsr sse sse2 ht syscall nx rdtscp lm constant_tsc rep_good nopl xtopology nonstop_tsc pni pclmulqdq ssse3 cx16 sse4_1 sse4_2 x2apic movbe popcnt aes xsave avx rdrand hypervisor lahf_lm abm 3dnowprefetch avx2 rdseed clflushopt
bugs		:
bogomips	: 4799.99
clflush size	: 64
cache_alignment	: 64
address sizes	: 39 bits physical, 48 bits virtual
power management:

processor	: 1
vendor_id	: GenuineIntel
cpu family	: 6
model		: 78
model name	: Intel(R) Core(TM) i5-6200U CPU @ 2.30GHz
stepping	: 3
cpu MHz		: 2399.998
cache size	: 3072 KB
physical id	: 0
siblings	: 2
core id		: 1
cpu cores	: 2
apicid		: 1
initial apicid	: 1
fpu		: yes
fpu_exception	: yes
cpuid level	: 22
wp		: yes
flags		: fpu vme de pse tsc msr pae mce cx8 apic sep mtrr pge mca cmov pat pse36 clflush mmx fxsr sse sse2 ht syscall nx rdtscp lm constant_tsc rep_good nopl xtopology nonstop_tsc pni pclmulqdq ssse3 cx16 sse4_1 sse4_2 x2apic movbe popcnt aes xsave avx rdrand hypervisor lahf_lm abm 3dnowprefetch avx2 rdseed clflushopt
bugs		:
bogomips	: 4799.99
clflush size	: 64
cache_alignment	: 64
address sizes	: 39 bits physical, 48 bits virtual
power management:



Memory: 4k page, physical 8175404k(103436k free), swap 0k(0k free)

vm_info: Java HotSpot(TM) 64-Bit Server VM (25.161-b12) for linux-amd64 JRE (1.8.0_161-b12), built on Dec 19 2017 16:12:43 by "java_re" with gcc 4.3.0 20080428 (Red Hat 4.3.0-8)

time: Mon Jan 29 14:27:31 2018
elapsed time: 53 seconds (0d 0h 0m 53s)

