#
# There is insufficient memory for the Java Runtime Environment to continue.
# Native memory allocation (mmap) failed to map 88080384 bytes for committing reserved memory.
# Possible reasons:
#   The system is out of physical RAM or swap space
#   In 32 bit mode, the process size limit was hit
# Possible solutions:
#   Reduce memory load on the system
#   Increase physical memory or swap space
#   Check if swap backing store is full
#   Use 64 bit Java on a 64 bit OS
#   Decrease Java heap size (-Xmx/-Xms)
#   Decrease number of Java threads
#   Decrease Java thread stack sizes (-Xss)
#   Set larger code cache with -XX:ReservedCodeCacheSize=
# This output file may be truncated or incomplete.
#
#  Out of Memory Error (os_linux.cpp:2640), pid=24398, tid=0x00007f212f300700
#
# JRE version:  (8.0_161-b12) (build )
# Java VM: Java HotSpot(TM) 64-Bit Server VM (25.161-b12 mixed mode linux-amd64 compressed oops)
# Failed to write core dump. Core dumps have been disabled. To enable core dumping, try "ulimit -c unlimited" before starting Java again
#

---------------  T H R E A D  ---------------

Current thread (0x00007f212800a800):  JavaThread "Unknown thread" [_thread_in_vm, id=24415, stack(0x00007f212f200000,0x00007f212f301000)]

Stack: [0x00007f212f200000,0x00007f212f301000],  sp=0x00007f212f2ff380,  free space=1020k
Native frames: (J=compiled Java code, j=interpreted, Vv=VM code, C=native code)
V  [libjvm.so+0xacf94a]  VMError::report_and_die()+0x2ba
V  [libjvm.so+0x50050b]  report_vm_out_of_memory(char const*, int, unsigned long, VMErrorType, char const*)+0x8b
V  [libjvm.so+0x92b133]  os::Linux::commit_memory_impl(char*, unsigned long, bool)+0x103
V  [libjvm.so+0x92b5c9]  os::pd_commit_memory(char*, unsigned long, unsigned long, bool)+0x29
V  [libjvm.so+0x924c0a]  os::commit_memory(char*, unsigned long, unsigned long, bool)+0x2a
V  [libjvm.so+0x99ab53]  PSVirtualSpace::expand_by(unsigned long)+0x53
V  [libjvm.so+0x98ac67]  PSOldGen::initialize(ReservedSpace, unsigned long, char const*, int)+0xb7
V  [libjvm.so+0x2db30a]  AdjoiningGenerations::AdjoiningGenerations(ReservedSpace, GenerationSizer*, unsigned long)+0x39a
V  [libjvm.so+0x94ec56]  ParallelScavengeHeap::initialize()+0x1d6
V  [libjvm.so+0xa979f3]  Universe::initialize_heap()+0xf3
V  [libjvm.so+0xa97f5e]  universe_init()+0x3e
V  [libjvm.so+0x641fb5]  init_globals()+0x65
V  [libjvm.so+0xa7c5ae]  Threads::create_vm(JavaVMInitArgs*, bool*)+0x23e
V  [libjvm.so+0x6d6c24]  JNI_CreateJavaVM+0x74
C  [libjli.so+0x797e]  JavaMain+0x9e
C  [libpthread.so.0+0x8184]  start_thread+0xc4


---------------  P R O C E S S  ---------------

Java Threads: ( => current thread )

Other Threads:

=>0x00007f212800a800 (exited) JavaThread "Unknown thread" [_thread_in_vm, id=24415, stack(0x00007f212f200000,0x00007f212f301000)]

VM state:not at safepoint (not fully initialized)

VM Mutex/Monitor currently owned by a thread: None

GC Heap History (0 events):
No events

Deoptimization events (0 events):
No events

Classes redefined (0 events):
No events

Internal exceptions (0 events):
No events

Events (0 events):
No events


Dynamic libraries:
00400000-00401000 r-xp 00000000 08:01 656546                             /usr/lib/jvm/java-8-oracle/bin/java
00600000-00601000 rw-p 00000000 08:01 656546                             /usr/lib/jvm/java-8-oracle/bin/java
018c9000-018ea000 rw-p 00000000 00:00 0                                  [heap]
88800000-d6700000 ---p 00000000 00:00 0 
d6700000-d9100000 rw-p 00000000 00:00 0 
d9100000-100000000 ---p 00000000 00:00 0 
7f2118859000-7f2118af2000 ---p 00000000 00:00 0 
7f2118af2000-7f2118b08000 rw-p 00000000 00:00 0 
7f2118b08000-7f2118c3f000 ---p 00000000 00:00 0 
7f2118c3f000-7f2118c4a000 rw-p 00000000 00:00 0 
7f2118c4a000-7f2119000000 ---p 00000000 00:00 0 
7f2119000000-7f2119270000 rwxp 00000000 00:00 0 
7f2119270000-7f2128000000 ---p 00000000 00:00 0 
7f2128000000-7f2128033000 rw-p 00000000 00:00 0 
7f2128033000-7f212c000000 ---p 00000000 00:00 0 
7f212c0d2000-7f212c35a000 rw-p 00000000 00:00 0 
7f212c35a000-7f212c375000 r-xp 00000000 08:01 656775                     /usr/lib/jvm/java-8-oracle/jre/lib/amd64/libzip.so
7f212c375000-7f212c575000 ---p 0001b000 08:01 656775                     /usr/lib/jvm/java-8-oracle/jre/lib/amd64/libzip.so
7f212c575000-7f212c576000 rw-p 0001b000 08:01 656775                     /usr/lib/jvm/java-8-oracle/jre/lib/amd64/libzip.so
7f212c576000-7f212c580000 r-xp 00000000 08:01 1836230                    /lib/x86_64-linux-gnu/libnss_files-2.19.so
7f212c580000-7f212c77f000 ---p 0000a000 08:01 1836230                    /lib/x86_64-linux-gnu/libnss_files-2.19.so
7f212c77f000-7f212c780000 r--p 00009000 08:01 1836230                    /lib/x86_64-linux-gnu/libnss_files-2.19.so
7f212c780000-7f212c781000 rw-p 0000a000 08:01 1836230                    /lib/x86_64-linux-gnu/libnss_files-2.19.so
7f212c781000-7f212c78c000 r-xp 00000000 08:01 1836440                    /lib/x86_64-linux-gnu/libnss_nis-2.19.so
7f212c78c000-7f212c98b000 ---p 0000b000 08:01 1836440                    /lib/x86_64-linux-gnu/libnss_nis-2.19.so
7f212c98b000-7f212c98c000 r--p 0000a000 08:01 1836440                    /lib/x86_64-linux-gnu/libnss_nis-2.19.so
7f212c98c000-7f212c98d000 rw-p 0000b000 08:01 1836440                    /lib/x86_64-linux-gnu/libnss_nis-2.19.so
7f212c98d000-7f212c9a4000 r-xp 00000000 08:01 1836548                    /lib/x86_64-linux-gnu/libnsl-2.19.so
7f212c9a4000-7f212cba3000 ---p 00017000 08:01 1836548                    /lib/x86_64-linux-gnu/libnsl-2.19.so
7f212cba3000-7f212cba4000 r--p 00016000 08:01 1836548                    /lib/x86_64-linux-gnu/libnsl-2.19.so
7f212cba4000-7f212cba5000 rw-p 00017000 08:01 1836548                    /lib/x86_64-linux-gnu/libnsl-2.19.so
7f212cba5000-7f212cba7000 rw-p 00000000 00:00 0 
7f212cba7000-7f212cbb0000 r-xp 00000000 08:01 1836445                    /lib/x86_64-linux-gnu/libnss_compat-2.19.so
7f212cbb0000-7f212cdaf000 ---p 00009000 08:01 1836445                    /lib/x86_64-linux-gnu/libnss_compat-2.19.so
7f212cdaf000-7f212cdb0000 r--p 00008000 08:01 1836445                    /lib/x86_64-linux-gnu/libnss_compat-2.19.so
7f212cdb0000-7f212cdb1000 rw-p 00009000 08:01 1836445                    /lib/x86_64-linux-gnu/libnss_compat-2.19.so
7f212cdb1000-7f212cddc000 r-xp 00000000 08:01 656716                     /usr/lib/jvm/java-8-oracle/jre/lib/amd64/libjava.so
7f212cddc000-7f212cfdb000 ---p 0002b000 08:01 656716                     /usr/lib/jvm/java-8-oracle/jre/lib/amd64/libjava.so
7f212cfdb000-7f212cfdd000 rw-p 0002a000 08:01 656716                     /usr/lib/jvm/java-8-oracle/jre/lib/amd64/libjava.so
7f212cfdd000-7f212cfea000 r-xp 00000000 08:01 656739                     /usr/lib/jvm/java-8-oracle/jre/lib/amd64/libverify.so
7f212cfea000-7f212d1ea000 ---p 0000d000 08:01 656739                     /usr/lib/jvm/java-8-oracle/jre/lib/amd64/libverify.so
7f212d1ea000-7f212d1ec000 rw-p 0000d000 08:01 656739                     /usr/lib/jvm/java-8-oracle/jre/lib/amd64/libverify.so
7f212d1ec000-7f212d1f3000 r-xp 00000000 08:01 1836503                    /lib/x86_64-linux-gnu/librt-2.19.so
7f212d1f3000-7f212d3f2000 ---p 00007000 08:01 1836503                    /lib/x86_64-linux-gnu/librt-2.19.so
7f212d3f2000-7f212d3f3000 r--p 00006000 08:01 1836503                    /lib/x86_64-linux-gnu/librt-2.19.so
7f212d3f3000-7f212d3f4000 rw-p 00007000 08:01 1836503                    /lib/x86_64-linux-gnu/librt-2.19.so
7f212d3f4000-7f212d4f9000 r-xp 00000000 08:01 1836457                    /lib/x86_64-linux-gnu/libm-2.19.so
7f212d4f9000-7f212d6f8000 ---p 00105000 08:01 1836457                    /lib/x86_64-linux-gnu/libm-2.19.so
7f212d6f8000-7f212d6f9000 r--p 00104000 08:01 1836457                    /lib/x86_64-linux-gnu/libm-2.19.so
7f212d6f9000-7f212d6fa000 rw-p 00105000 08:01 1836457                    /lib/x86_64-linux-gnu/libm-2.19.so
7f212d6fa000-7f212e3d3000 r-xp 00000000 08:01 656759                     /usr/lib/jvm/java-8-oracle/jre/lib/amd64/server/libjvm.so
7f212e3d3000-7f212e5d2000 ---p 00cd9000 08:01 656759                     /usr/lib/jvm/java-8-oracle/jre/lib/amd64/server/libjvm.so
7f212e5d2000-7f212e6ab000 rw-p 00cd8000 08:01 656759                     /usr/lib/jvm/java-8-oracle/jre/lib/amd64/server/libjvm.so
7f212e6ab000-7f212e6f7000 rw-p 00000000 00:00 0 
7f212e6f7000-7f212e8b5000 r-xp 00000000 08:01 1836568                    /lib/x86_64-linux-gnu/libc-2.19.so
7f212e8b5000-7f212eab5000 ---p 001be000 08:01 1836568                    /lib/x86_64-linux-gnu/libc-2.19.so
7f212eab5000-7f212eab9000 r--p 001be000 08:01 1836568                    /lib/x86_64-linux-gnu/libc-2.19.so
7f212eab9000-7f212eabb000 rw-p 001c2000 08:01 1836568                    /lib/x86_64-linux-gnu/libc-2.19.so
7f212eabb000-7f212eac0000 rw-p 00000000 00:00 0 
7f212eac0000-7f212eac3000 r-xp 00000000 08:01 1836554                    /lib/x86_64-linux-gnu/libdl-2.19.so
7f212eac3000-7f212ecc2000 ---p 00003000 08:01 1836554                    /lib/x86_64-linux-gnu/libdl-2.19.so
7f212ecc2000-7f212ecc3000 r--p 00002000 08:01 1836554                    /lib/x86_64-linux-gnu/libdl-2.19.so
7f212ecc3000-7f212ecc4000 rw-p 00003000 08:01 1836554                    /lib/x86_64-linux-gnu/libdl-2.19.so
7f212ecc4000-7f212ecda000 r-xp 00000000 08:01 806616                     /usr/lib/jvm/java-8-oracle/lib/amd64/jli/libjli.so
7f212ecda000-7f212eed9000 ---p 00016000 08:01 806616                     /usr/lib/jvm/java-8-oracle/lib/amd64/jli/libjli.so
7f212eed9000-7f212eeda000 rw-p 00015000 08:01 806616                     /usr/lib/jvm/java-8-oracle/lib/amd64/jli/libjli.so
7f212eeda000-7f212eef3000 r-xp 00000000 08:01 1836501                    /lib/x86_64-linux-gnu/libpthread-2.19.so
7f212eef3000-7f212f0f2000 ---p 00019000 08:01 1836501                    /lib/x86_64-linux-gnu/libpthread-2.19.so
7f212f0f2000-7f212f0f3000 r--p 00018000 08:01 1836501                    /lib/x86_64-linux-gnu/libpthread-2.19.so
7f212f0f3000-7f212f0f4000 rw-p 00019000 08:01 1836501                    /lib/x86_64-linux-gnu/libpthread-2.19.so
7f212f0f4000-7f212f0f8000 rw-p 00000000 00:00 0 
7f212f0f8000-7f212f11b000 r-xp 00000000 08:01 1836496                    /lib/x86_64-linux-gnu/ld-2.19.so
7f212f200000-7f212f203000 ---p 00000000 00:00 0 
7f212f203000-7f212f306000 rw-p 00000000 00:00 0 
7f212f30d000-7f212f310000 rw-p 00000000 00:00 0 
7f212f310000-7f212f318000 rw-s 00000000 08:01 1721701                    /tmp/hsperfdata_siva/24398
7f212f318000-7f212f319000 rw-p 00000000 00:00 0 
7f212f319000-7f212f31a000 r--p 00000000 00:00 0 
7f212f31a000-7f212f31b000 r--p 00022000 08:01 1836496                    /lib/x86_64-linux-gnu/ld-2.19.so
7f212f31b000-7f212f31c000 rw-p 00023000 08:01 1836496                    /lib/x86_64-linux-gnu/ld-2.19.so
7f212f31c000-7f212f31d000 rw-p 00000000 00:00 0 
7ffd5eaee000-7ffd5eb0f000 rw-p 00000000 00:00 0                          [stack]
7ffd5eba3000-7ffd5eba5000 r--p 00000000 00:00 0                          [vvar]
7ffd5eba5000-7ffd5eba7000 r-xp 00000000 00:00 0                          [vdso]
ffffffffff600000-ffffffffff601000 r-xp 00000000 00:00 0                  [vsyscall]

VM Arguments:
jvm_args: -Dorg.gradle.appname=gradle 
java_command: org.gradle.launcher.GradleMain bootRun
java_class_path (initial): /usr/lib/gradle/4.4.1/lib/gradle-launcher-4.4.1.jar
Launcher Type: SUN_STANDARD

Environment Variables:
JAVA_HOME=/usr/lib/jvm/java-8-oracle
PATH=/usr/local/sbin:/usr/local/bin:/usr/sbin:/usr/bin:/sbin:/bin:/usr/games:/usr/local/games:/usr/lib/jvm/java-8-oracle/bin:/usr/lib/jvm/java-8-oracle/db/bin:/usr/lib/jvm/java-8-oracle/jre/bin:/usr/lib/jvm/java-8-oracle/bin:/usr/lib/jvm/java-8-oracle/db/bin:/usr/lib/jvm/java-8-oracle/jre/bin
SHELL=/bin/bash
DISPLAY=:0

Signal Handlers:
SIGSEGV: [libjvm.so+0xad01e0], sa_mask[0]=11111111011111111101111111111110, sa_flags=SA_RESTART|SA_SIGINFO
SIGBUS: [libjvm.so+0xad01e0], sa_mask[0]=11111111011111111101111111111110, sa_flags=SA_RESTART|SA_SIGINFO
SIGFPE: [libjvm.so+0x927fb0], sa_mask[0]=11111111011111111101111111111110, sa_flags=SA_RESTART|SA_SIGINFO
SIGPIPE: [libjvm.so+0x927fb0], sa_mask[0]=11111111011111111101111111111110, sa_flags=SA_RESTART|SA_SIGINFO
SIGXFSZ: [libjvm.so+0x927fb0], sa_mask[0]=11111111011111111101111111111110, sa_flags=SA_RESTART|SA_SIGINFO
SIGILL: [libjvm.so+0x927fb0], sa_mask[0]=11111111011111111101111111111110, sa_flags=SA_RESTART|SA_SIGINFO
SIGUSR1: SIG_DFL, sa_mask[0]=00000000000000000000000000000000, sa_flags=none
SIGUSR2: [libjvm.so+0x9297f0], sa_mask[0]=00100000000000000000000000000000, sa_flags=SA_RESTART|SA_SIGINFO
SIGHUP: SIG_DFL, sa_mask[0]=00000000000000000000000000000000, sa_flags=none
SIGINT: SIG_DFL, sa_mask[0]=00000000000000000000000000000000, sa_flags=none
SIGTERM: SIG_DFL, sa_mask[0]=00000000000000000000000000000000, sa_flags=none
SIGQUIT: SIG_DFL, sa_mask[0]=00000000000000000000000000000000, sa_flags=none


---------------  S Y S T E M  ---------------

OS:DISTRIB_ID=Ubuntu
DISTRIB_RELEASE=14.04
DISTRIB_CODENAME=trusty
DISTRIB_DESCRIPTION="Ubuntu 14.04.5 LTS"

uname:Linux 4.4.0-104-generic #127~14.04.1-Ubuntu SMP Mon Dec 11 12:44:15 UTC 2017 x86_64
libc:glibc 2.19 NPTL 2.19 
rlimit: STACK 8192k, CORE 0k, NPROC 31835, NOFILE 4096, AS infinity
load average:4.86 2.59 1.56

/proc/meminfo:
MemTotal:        8175404 kB
MemFree:          146600 kB
MemAvailable:      47060 kB
Buffers:            1192 kB
Cached:            59288 kB
SwapCached:            0 kB
Active:          7802140 kB
Inactive:          44196 kB
Active(anon):    7790244 kB
Inactive(anon):    32644 kB
Active(file):      11896 kB
Inactive(file):    11552 kB
Unevictable:          48 kB
Mlocked:              48 kB
SwapTotal:             0 kB
SwapFree:              0 kB
Dirty:               104 kB
Writeback:             0 kB
AnonPages:       7786064 kB
Mapped:            54232 kB
Shmem:             36872 kB
Slab:              78056 kB
SReclaimable:      47456 kB
SUnreclaim:        30600 kB
KernelStack:       13840 kB
PageTables:        51376 kB
NFS_Unstable:          0 kB
Bounce:                0 kB
WritebackTmp:          0 kB
CommitLimit:     4087700 kB
Committed_AS:   12860084 kB
VmallocTotal:   34359738367 kB
VmallocUsed:           0 kB
VmallocChunk:          0 kB
HardwareCorrupted:     0 kB
AnonHugePages:   3590144 kB
CmaTotal:              0 kB
CmaFree:               0 kB
HugePages_Total:       0
HugePages_Free:        0
HugePages_Rsvd:        0
HugePages_Surp:        0
Hugepagesize:       2048 kB
DirectMap4k:      137152 kB
DirectMap2M:     8251392 kB


CPU:total 2 (initial active 2) (2 cores per cpu, 1 threads per core) family 6 model 78 stepping 3, cmov, cx8, fxsr, mmx, sse, sse2, sse3, ssse3, sse4.1, sse4.2, popcnt, avx, avx2, aes, clmul, 3dnowpref, lzcnt, tsc, tscinvbit

/proc/cpuinfo:
processor	: 0
vendor_id	: GenuineIntel
cpu family	: 6
model		: 78
model name	: Intel(R) Core(TM) i5-6200U CPU @ 2.30GHz
stepping	: 3
cpu MHz		: 2399.998
cache size	: 3072 KB
physical id	: 0
siblings	: 2
core id		: 0
cpu cores	: 2
apicid		: 0
initial apicid	: 0
fpu		: yes
fpu_exception	: yes
cpuid level	: 22
wp		: yes
flags		: fpu vme de pse tsc msr pae mce cx8 apic sep mtrr pge mca cmov pat pse36 clflush mmx fxsr sse sse2 ht syscall nx rdtscp lm constant_tsc rep_good nopl xtopology nonstop_tsc pni pclmulqdq ssse3 cx16 sse4_1 sse4_2 x2apic movbe popcnt aes xsave avx rdrand hypervisor lahf_lm abm 3dnowprefetch avx2 rdseed clflushopt
bugs		:
bogomips	: 4799.99
clflush size	: 64
cache_alignment	: 64
address sizes	: 39 bits physical, 48 bits virtual
power management:

processor	: 1
vendor_id	: GenuineIntel
cpu family	: 6
model		: 78
model name	: Intel(R) Core(TM) i5-6200U CPU @ 2.30GHz
stepping	: 3
cpu MHz		: 2399.998
cache size	: 3072 KB
physical id	: 0
siblings	: 2
core id		: 1
cpu cores	: 2
apicid		: 1
initial apicid	: 1
fpu		: yes
fpu_exception	: yes
cpuid level	: 22
wp		: yes
flags		: fpu vme de pse tsc msr pae mce cx8 apic sep mtrr pge mca cmov pat pse36 clflush mmx fxsr sse sse2 ht syscall nx rdtscp lm constant_tsc rep_good nopl xtopology nonstop_tsc pni pclmulqdq ssse3 cx16 sse4_1 sse4_2 x2apic movbe popcnt aes xsave avx rdrand hypervisor lahf_lm abm 3dnowprefetch avx2 rdseed clflushopt
bugs		:
bogomips	: 4799.99
clflush size	: 64
cache_alignment	: 64
address sizes	: 39 bits physical, 48 bits virtual
power management:



Memory: 4k page, physical 8175404k(146900k free), swap 0k(0k free)

vm_info: Java HotSpot(TM) 64-Bit Server VM (25.161-b12) for linux-amd64 JRE (1.8.0_161-b12), built on Dec 19 2017 16:12:43 by "java_re" with gcc 4.3.0 20080428 (Red Hat 4.3.0-8)

time: Mon Jan 29 14:25:46 2018
elapsed time: 0 seconds (0d 0h 0m 0s)

